<?xml version="1.0" encoding="utf-8"?><testsuites name="pytest tests"><testsuite name="pytest" errors="0" failures="0" skipped="0" tests="12" time="4.312" timestamp="2026-02-06T12:58:07.090564+00:00" hostname="agent-env-18124fa2-70b2-4972-b935-c190c3ea0450"><testcase classname="backend.tests.test_notifications_and_upgrades.TestNotificationsAPI" name="test_get_notification_count" time="0.427" /><testcase classname="backend.tests.test_notifications_and_upgrades.TestNotificationsAPI" name="test_get_notification_list" time="0.313" /><testcase classname="backend.tests.test_notifications_and_upgrades.TestNotificationsAPI" name="test_mark_notification_as_read" time="0.394" /><testcase classname="backend.tests.test_notifications_and_upgrades.TestNotificationsAPI" name="test_mark_all_as_read" time="0.351" /><testcase classname="backend.tests.test_notifications_and_upgrades.TestRecruitmentInterviewWorkflow" name="test_recruitment_stats_includes_interview" time="0.312" /><testcase classname="backend.tests.test_notifications_and_upgrades.TestRecruitmentInterviewWorkflow" name="test_create_application_generates_notification" time="0.407" /><testcase classname="backend.tests.test_notifications_and_upgrades.TestRecruitmentInterviewWorkflow" name="test_set_application_to_interview_status" time="0.361" /><testcase classname="backend.tests.test_notifications_and_upgrades.TestRecruitmentInterviewWorkflow" name="test_application_response_includes_interview_fields" time="0.311" /><testcase classname="backend.tests.test_notifications_and_upgrades.TestAppointmentsCalendar" name="test_get_sector_calendar" time="0.316" /><testcase classname="backend.tests.test_notifications_and_upgrades.TestAppointmentsCalendar" name="test_appointment_acceptance_generates_notification" time="0.440" /><testcase classname="backend.tests.test_notifications_and_upgrades.TestAppointmentsCalendar" name="test_appointment_stats" time="0.308" /><testcase classname="backend.tests.test_notifications_and_upgrades.TestNotificationTypes" name="test_notification_types_exist" time="0.304" /></testsuite></testsuites>