<?xml version="1.0" encoding="utf-8"?><testsuites name="pytest tests"><testsuite name="pytest" errors="0" failures="1" skipped="0" tests="26" time="101.891" timestamp="2026-02-07T12:19:10.447757+00:00" hostname="agent-env-b5bad760-b1b8-4604-bee8-1580dbbf80d6"><testcase classname="backend.tests.test_iteration10_full.TestAuth" name="test_health_endpoint" time="5.550" /><testcase classname="backend.tests.test_iteration10_full.TestAuth" name="test_admin_login_success" time="3.122" /><testcase classname="backend.tests.test_iteration10_full.TestAuth" name="test_login_invalid_credentials" time="2.087" /><testcase classname="backend.tests.test_iteration10_full.TestAuth" name="test_auth_me_endpoint" time="3.858" /><testcase classname="backend.tests.test_iteration10_full.TestLSPD" name="test_lspd_stats" time="4.621" /><testcase classname="backend.tests.test_iteration10_full.TestLSPD" name="test_lspd_warrants_list" time="4.026" /><testcase classname="backend.tests.test_iteration10_full.TestLSPD" name="test_lspd_create_warrant" time="4.973" /><testcase classname="backend.tests.test_iteration10_full.TestLSPD" name="test_lspd_fines_list" time="4.067" /><testcase classname="backend.tests.test_iteration10_full.TestLSPD" name="test_lspd_create_fine" time="5.156" /><testcase classname="backend.tests.test_iteration10_full.TestLSPD" name="test_lspd_cases_list" time="4.050" /><testcase classname="backend.tests.test_iteration10_full.TestEMS" name="test_ems_stats" time="4.423" /><testcase classname="backend.tests.test_iteration10_full.TestEMS" name="test_ems_patients_list" time="4.026" /><testcase classname="backend.tests.test_iteration10_full.TestEMS" name="test_ems_create_patient" time="5.028" /><testcase classname="backend.tests.test_iteration10_full.TestEMS" name="test_ems_reports_list" time="4.050" /><testcase classname="backend.tests.test_iteration10_full.TestEMS" name="test_ems_create_report" time="6.144" /><testcase classname="backend.tests.test_iteration10_full.TestJustice" name="test_justice_stats" time="4.418" /><testcase classname="backend.tests.test_iteration10_full.TestJustice" name="test_justice_cases_list" time="4.026" /><testcase classname="backend.tests.test_iteration10_full.TestJustice" name="test_justice_create_case" time="4.974" /><testcase classname="backend.tests.test_iteration10_full.TestJustice" name="test_justice_hearings_list" time="4.058" /><testcase classname="backend.tests.test_iteration10_full.TestDispatch" name="test_dispatch_stats" time="4.590" /><testcase classname="backend.tests.test_iteration10_full.TestDispatch" name="test_dispatch_active_calls" time="4.053" /><testcase classname="backend.tests.test_iteration10_full.TestDispatch" name="test_dispatch_create_call" time="5.011" /><testcase classname="backend.tests.test_iteration10_full.TestAdminUsers" name="test_admin_users_list" time="3.077"><failure message="assert 404 == 200&#10; +  where 404 = &lt;Response [404]&gt;.status_code">backend/tests/test_iteration10_full.py:366: in test_admin_users_list
    assert response.status_code == 200
E   assert 404 == 200
E    +  where 404 = &lt;Response [404]&gt;.status_code</failure></testcase><testcase classname="backend.tests.test_iteration10_full.TestCityHub" name="test_city_events" time="0.815" /><testcase classname="backend.tests.test_iteration10_full.TestCityHub" name="test_news_breaking" time="0.780" /><testcase classname="backend.tests.test_iteration10_full.TestCityHub" name="test_city_ads_active" time="0.788" /></testsuite></testsuites>