<?xml version="1.0" encoding="utf-8"?><testsuites name="pytest tests"><testsuite name="pytest" errors="0" failures="0" skipped="0" tests="22" time="115.976" timestamp="2026-03-23T07:15:56.810115+00:00" hostname="agent-env-e5915d2a-8688-4db2-b93a-1751fa9360c7"><testcase classname="backend.tests.test_iteration27_access_control.TestLSPDAccessControl" name="test_lspd_login_works" time="16.375" /><testcase classname="backend.tests.test_iteration27_access_control.TestLSPDAccessControl" name="test_lspd_cannot_access_staff_tickets_all" time="7.746" /><testcase classname="backend.tests.test_iteration27_access_control.TestLSPDAccessControl" name="test_lspd_cannot_access_staff_tickets_stats" time="7.375" /><testcase classname="backend.tests.test_iteration27_access_control.TestLSPDAccessControl" name="test_admin_can_access_staff_tickets_all" time="8.356" /><testcase classname="backend.tests.test_iteration27_access_control.TestLSPDAccessControl" name="test_admin_can_access_staff_tickets_stats" time="8.213" /><testcase classname="backend.tests.test_iteration27_access_control.TestLSPDAccessControl" name="test_citizen_cannot_access_staff_tickets" time="7.249" /><testcase classname="backend.tests.test_iteration27_access_control.TestEMSAccessControl" name="test_ems_login_works" time="4.348" /><testcase classname="backend.tests.test_iteration27_access_control.TestEMSAccessControl" name="test_ems_cannot_access_staff_tickets_all" time="2.997" /><testcase classname="backend.tests.test_iteration27_access_control.TestEMSAccessControl" name="test_ems_cannot_access_staff_tickets_stats" time="3.019" /><testcase classname="backend.tests.test_iteration27_access_control.TestCitizenFeatures" name="test_citizen_login_redirects_correctly" time="4.315" /><testcase classname="backend.tests.test_iteration27_access_control.TestCitizenFeatures" name="test_citizen_dashboard_loads" time="3.359" /><testcase classname="backend.tests.test_iteration27_access_control.TestCitizenFeatures" name="test_citizen_fines_page" time="2.947" /><testcase classname="backend.tests.test_iteration27_access_control.TestCitizenFeatures" name="test_citizen_warrants_page" time="2.874" /><testcase classname="backend.tests.test_iteration27_access_control.TestCitizenFeatures" name="test_citizen_can_create_ticket" time="6.214" /><testcase classname="backend.tests.test_iteration27_access_control.TestCitizenFeatures" name="test_citizen_can_view_own_tickets" time="4.931" /><testcase classname="backend.tests.test_iteration27_access_control.TestLbPhoneNotifications" name="test_pending_notifications_with_valid_secret" time="1.056" /><testcase classname="backend.tests.test_iteration27_access_control.TestLbPhoneNotifications" name="test_pending_notifications_with_invalid_secret" time="0.119" /><testcase classname="backend.tests.test_iteration27_access_control.TestLbPhoneNotifications" name="test_mark_sent_works" time="0.110" /><testcase classname="backend.tests.test_iteration27_access_control.TestLbPhoneNotifications" name="test_notification_stats" time="1.290" /><testcase classname="backend.tests.test_iteration27_access_control.TestAdminTicketManagement" name="test_admin_can_view_all_tickets" time="6.289" /><testcase classname="backend.tests.test_iteration27_access_control.TestAdminTicketManagement" name="test_admin_can_change_ticket_status" time="7.805" /><testcase classname="backend.tests.test_iteration27_access_control.TestAdminTicketManagement" name="test_admin_can_reply_to_ticket" time="8.907" /></testsuite></testsuites>