<?xml version="1.0" encoding="utf-8"?><testsuites name="pytest tests"><testsuite name="pytest" errors="0" failures="0" skipped="0" tests="12" time="49.063" timestamp="2026-02-07T09:17:36.002991+00:00" hostname="agent-env-4a94d962-948c-4551-a00f-dd5ea3e6b54d"><testcase classname="backend.tests.test_iteration7_bugs.TestLoginAndPresence" name="test_login_success" time="8.889" /><testcase classname="backend.tests.test_iteration7_bugs.TestLoginAndPresence" name="test_login_redirects_admin_to_admin_page" time="3.057" /><testcase classname="backend.tests.test_iteration7_bugs.TestLoginAndPresence" name="test_presence_update_to_online" time="4.940" /><testcase classname="backend.tests.test_iteration7_bugs.TestLoginAndPresence" name="test_presence_get_me" time="5.892" /><testcase classname="backend.tests.test_iteration7_bugs.TestUserList" name="test_user_list_returns_12_users" time="3.994" /><testcase classname="backend.tests.test_iteration7_bugs.TestUserList" name="test_user_list_contains_admin" time="4.013" /><testcase classname="backend.tests.test_iteration7_bugs.TestUserList" name="test_user_list_contains_lspd_users" time="4.005" /><testcase classname="backend.tests.test_iteration7_bugs.TestUserList" name="test_user_response_structure" time="4.013" /><testcase classname="backend.tests.test_iteration7_bugs.TestDuplicateErrors" name="test_duplicate_email_error" time="3.987" /><testcase classname="backend.tests.test_iteration7_bugs.TestDuplicateErrors" name="test_duplicate_badge_error" time="5.182" /><testcase classname="backend.tests.test_iteration7_bugs.TestLogoAndAssets" name="test_logo_file_accessible" time="0.062" /><testcase classname="backend.tests.test_iteration7_bugs.TestLogoAndAssets" name="test_health_endpoint" time="0.959" /></testsuite></testsuites>