<?xml version="1.0" encoding="utf-8"?><testsuites name="pytest tests"><testsuite name="pytest" errors="0" failures="18" skipped="0" tests="31" time="8.968" timestamp="2026-02-06T12:21:32.056406+00:00" hostname="agent-env-18124fa2-70b2-4972-b935-c190c3ea0450"><testcase classname="backend.tests.test_cityhub_apis.TestHealthAndSetup" name="test_health_endpoint" time="0.114" /><testcase classname="backend.tests.test_cityhub_apis.TestAuthentication" name="test_admin_login" time="0.307" /><testcase classname="backend.tests.test_cityhub_apis.TestRecruitmentAPI" name="test_get_available_sectors" time="0.317" /><testcase classname="backend.tests.test_cityhub_apis.TestRecruitmentAPI" name="test_create_application" time="0.317" /><testcase classname="backend.tests.test_cityhub_apis.TestRecruitmentAPI" name="test_get_my_applications" time="0.311" /><testcase classname="backend.tests.test_cityhub_apis.TestRecruitmentAPI" name="test_get_sector_applications" time="0.354" /><testcase classname="backend.tests.test_cityhub_apis.TestRecruitmentAPI" name="test_get_recruitment_stats" time="0.317"><failure message="assert 520 == 200&#10; +  where 520 = &lt;Response [520]&gt;.status_code">backend/tests/test_cityhub_apis.py:132: in test_get_recruitment_stats
    assert response.status_code == 200
E   assert 520 == 200
E    +  where 520 = &lt;Response [520]&gt;.status_code</failure></testcase><testcase classname="backend.tests.test_cityhub_apis.TestAppointmentsAPI" name="test_create_appointment_request" time="0.315"><failure message="AssertionError: Expected 200, got 520&#10;assert 520 == 200&#10; +  where 520 = &lt;Response [520]&gt;.status_code">backend/tests/test_cityhub_apis.py:179: in test_create_appointment_request
    assert response.status_code == 200, f"Expected 200, got {response.status_code}"
E   AssertionError: Expected 200, got 520
E   assert 520 == 200
E    +  where 520 = &lt;Response [520]&gt;.status_code</failure></testcase><testcase classname="backend.tests.test_cityhub_apis.TestAppointmentsAPI" name="test_get_my_requests" time="0.352" /><testcase classname="backend.tests.test_cityhub_apis.TestAppointmentsAPI" name="test_get_sector_appointments" time="0.315" /><testcase classname="backend.tests.test_cityhub_apis.TestAppointmentsAPI" name="test_get_sector_calendar" time="0.309"><failure message="assert 520 == 200&#10; +  where 520 = &lt;Response [520]&gt;.status_code">backend/tests/test_cityhub_apis.py:209: in test_get_sector_calendar
    assert response.status_code == 200
E   assert 520 == 200
E    +  where 520 = &lt;Response [520]&gt;.status_code</failure></testcase><testcase classname="backend.tests.test_cityhub_apis.TestAppointmentsAPI" name="test_get_appointment_stats" time="0.310"><failure message="assert 520 == 200&#10; +  where 520 = &lt;Response [520]&gt;.status_code">backend/tests/test_cityhub_apis.py:220: in test_get_appointment_stats
    assert response.status_code == 200
E   assert 520 == 200
E    +  where 520 = &lt;Response [520]&gt;.status_code</failure></testcase><testcase classname="backend.tests.test_cityhub_apis.TestAnnouncementsAPI" name="test_get_categories" time="0.031" /><testcase classname="backend.tests.test_cityhub_apis.TestAnnouncementsAPI" name="test_get_public_announcements" time="0.031"><failure message="assert 520 == 200&#10; +  where 520 = &lt;Response [520]&gt;.status_code">backend/tests/test_cityhub_apis.py:257: in test_get_public_announcements
    assert response.status_code == 200
E   assert 520 == 200
E    +  where 520 = &lt;Response [520]&gt;.status_code</failure></testcase><testcase classname="backend.tests.test_cityhub_apis.TestAnnouncementsAPI" name="test_create_announcement" time="0.309"><failure message="assert 520 == 200&#10; +  where 520 = &lt;Response [520]&gt;.status_code">backend/tests/test_cityhub_apis.py:276: in test_create_announcement
    assert response.status_code == 200
E   assert 520 == 200
E    +  where 520 = &lt;Response [520]&gt;.status_code</failure></testcase><testcase classname="backend.tests.test_cityhub_apis.TestAnnouncementsAPI" name="test_get_my_announcements" time="0.304" /><testcase classname="backend.tests.test_cityhub_apis.TestAnnouncementsAPI" name="test_get_pending_announcements" time="0.299"><failure message="assert 520 == 200&#10; +  where 520 = &lt;Response [520]&gt;.status_code">backend/tests/test_cityhub_apis.py:302: in test_get_pending_announcements
    assert response.status_code == 200
E   assert 520 == 200
E    +  where 520 = &lt;Response [520]&gt;.status_code</failure></testcase><testcase classname="backend.tests.test_cityhub_apis.TestAnnouncementsAPI" name="test_get_announcement_stats" time="0.306"><failure message="assert 520 == 200&#10; +  where 520 = &lt;Response [520]&gt;.status_code">backend/tests/test_cityhub_apis.py:313: in test_get_announcement_stats
    assert response.status_code == 200
E   assert 520 == 200
E    +  where 520 = &lt;Response [520]&gt;.status_code</failure></testcase><testcase classname="backend.tests.test_cityhub_apis.TestAdvertisingAPI" name="test_get_positions" time="0.054" /><testcase classname="backend.tests.test_cityhub_apis.TestAdvertisingAPI" name="test_request_ad_slot" time="0.311"><failure message="assert 520 == 200&#10; +  where 520 = &lt;Response [520]&gt;.status_code">backend/tests/test_cityhub_apis.py:362: in test_request_ad_slot
    assert response.status_code == 200
E   assert 520 == 200
E    +  where 520 = &lt;Response [520]&gt;.status_code</failure></testcase><testcase classname="backend.tests.test_cityhub_apis.TestAdvertisingAPI" name="test_get_my_slots" time="0.311" /><testcase classname="backend.tests.test_cityhub_apis.TestAdvertisingAPI" name="test_get_pending_slots" time="0.309"><failure message="assert 520 == 200&#10; +  where 520 = &lt;Response [520]&gt;.status_code">backend/tests/test_cityhub_apis.py:388: in test_get_pending_slots
    assert response.status_code == 200
E   assert 520 == 200
E    +  where 520 = &lt;Response [520]&gt;.status_code</failure></testcase><testcase classname="backend.tests.test_cityhub_apis.TestAdvertisingAPI" name="test_get_my_stats" time="0.303"><failure message="assert 520 == 200&#10; +  where 520 = &lt;Response [520]&gt;.status_code">backend/tests/test_cityhub_apis.py:399: in test_get_my_stats
    assert response.status_code == 200
E   assert 520 == 200
E    +  where 520 = &lt;Response [520]&gt;.status_code</failure></testcase><testcase classname="backend.tests.test_cityhub_apis.TestAdvertisingAPI" name="test_get_all_stats" time="0.311"><failure message="assert 520 == 200&#10; +  where 520 = &lt;Response [520]&gt;.status_code">backend/tests/test_cityhub_apis.py:412: in test_get_all_stats
    assert response.status_code == 200
E   assert 520 == 200
E    +  where 520 = &lt;Response [520]&gt;.status_code</failure></testcase><testcase classname="backend.tests.test_cityhub_apis.TestModerationWorkflows" name="test_moderate_announcement_approve" time="0.309"><failure message="assert 520 == 200&#10; +  where 520 = &lt;Response [520]&gt;.status_code">backend/tests/test_cityhub_apis.py:447: in test_moderate_announcement_approve
    assert create_response.status_code == 200
E   assert 520 == 200
E    +  where 520 = &lt;Response [520]&gt;.status_code</failure></testcase><testcase classname="backend.tests.test_cityhub_apis.TestModerationWorkflows" name="test_approve_ad_slot" time="0.303"><failure message="assert 520 == 200&#10; +  where 520 = &lt;Response [520]&gt;.status_code">backend/tests/test_cityhub_apis.py:487: in test_approve_ad_slot
    assert create_response.status_code == 200
E   assert 520 == 200
E    +  where 520 = &lt;Response [520]&gt;.status_code</failure></testcase><testcase classname="backend.tests.test_cityhub_apis.TestModerationWorkflows" name="test_reject_ad_slot" time="0.314"><failure message="assert 520 == 200&#10; +  where 520 = &lt;Response [520]&gt;.status_code">backend/tests/test_cityhub_apis.py:517: in test_reject_ad_slot
    assert create_response.status_code == 200
E   assert 520 == 200
E    +  where 520 = &lt;Response [520]&gt;.status_code</failure></testcase><testcase classname="backend.tests.test_cityhub_apis.TestAppointmentWorkflows" name="test_handle_appointment_accept" time="0.304"><failure message="assert 520 == 200&#10; +  where 520 = &lt;Response [520]&gt;.status_code">backend/tests/test_cityhub_apis.py:561: in test_handle_appointment_accept
    assert create_response.status_code == 200
E   assert 520 == 200
E    +  where 520 = &lt;Response [520]&gt;.status_code</failure></testcase><testcase classname="backend.tests.test_cityhub_apis.TestAppointmentWorkflows" name="test_cancel_appointment" time="0.307"><failure message="assert 520 == 200&#10; +  where 520 = &lt;Response [520]&gt;.status_code">backend/tests/test_cityhub_apis.py:593: in test_cancel_appointment
    assert create_response.status_code == 200
E   assert 520 == 200
E    +  where 520 = &lt;Response [520]&gt;.status_code</failure></testcase><testcase classname="backend.tests.test_cityhub_apis.TestRecruitmentWorkflows" name="test_review_application" time="0.303"><failure message="assert 520 == 200&#10; +  where 520 = &lt;Response [520]&gt;.status_code">backend/tests/test_cityhub_apis.py:626: in test_review_application
    assert sector_response.status_code == 200
E   assert 520 == 200
E    +  where 520 = &lt;Response [520]&gt;.status_code</failure></testcase><testcase classname="backend.tests.test_cityhub_apis.TestCleanup" name="test_cleanup_test_announcements" time="0.302" /></testsuite></testsuites>