<?xml version="1.0" encoding="utf-8"?><testsuites name="pytest tests"><testsuite name="pytest" errors="0" failures="0" skipped="0" tests="20" time="49.704" timestamp="2026-03-23T10:31:54.010487+00:00" hostname="agent-env-e5915d2a-8688-4db2-b93a-1751fa9360c7"><testcase classname="backend.tests.test_iteration28_fivem_link.TestFiveMLink" name="test_link_fivem_with_valid_secret" time="3.390" /><testcase classname="backend.tests.test_iteration28_fivem_link.TestFiveMLink" name="test_link_fivem_rejects_wrong_secret" time="2.339" /><testcase classname="backend.tests.test_iteration28_fivem_link.TestFiveMLink" name="test_link_fivem_rejects_invalid_user" time="0.667" /><testcase classname="backend.tests.test_iteration28_fivem_link.TestFiveMLink" name="test_link_fivem_token_with_valid_credentials" time="3.280" /><testcase classname="backend.tests.test_iteration28_fivem_link.TestFiveMLink" name="test_link_fivem_token_rejects_wrong_secret" time="2.667" /><testcase classname="backend.tests.test_iteration28_fivem_link.TestFiveMLink" name="test_link_fivem_token_requires_auth" time="0.119" /><testcase classname="backend.tests.test_iteration28_fivem_link.TestFiveMLink" name="test_fivem_status_linked_user" time="4.070" /><testcase classname="backend.tests.test_iteration28_fivem_link.TestFiveMLink" name="test_fivem_status_unlinked_user" time="2.778" /><testcase classname="backend.tests.test_iteration28_fivem_link.TestFiveMLink" name="test_fivem_status_requires_auth" time="0.125" /><testcase classname="backend.tests.test_iteration28_fivem_link.TestRegressionCitizenFeatures" name="test_citizen_login" time="2.265" /><testcase classname="backend.tests.test_iteration28_fivem_link.TestRegressionCitizenFeatures" name="test_citizen_dashboard" time="3.264" /><testcase classname="backend.tests.test_iteration28_fivem_link.TestRegressionCitizenFeatures" name="test_citizen_fines" time="2.892" /><testcase classname="backend.tests.test_iteration28_fivem_link.TestRegressionCitizenFeatures" name="test_citizen_warrants" time="2.866" /><testcase classname="backend.tests.test_iteration28_fivem_link.TestRegressionCitizenFeatures" name="test_citizen_tickets" time="5.230" /><testcase classname="backend.tests.test_iteration28_fivem_link.TestRegressionAccessControl" name="test_lspd_login" time="2.207" /><testcase classname="backend.tests.test_iteration28_fivem_link.TestRegressionAccessControl" name="test_lspd_cannot_access_ticket_staff_all" time="2.938" /><testcase classname="backend.tests.test_iteration28_fivem_link.TestRegressionAccessControl" name="test_lspd_cannot_access_ticket_staff_stats" time="2.906" /><testcase classname="backend.tests.test_iteration28_fivem_link.TestRegressionAccessControl" name="test_admin_can_access_ticket_staff" time="4.391" /><testcase classname="backend.tests.test_iteration28_fivem_link.TestLbPhoneNotifications" name="test_lbphone_pending_with_secret" time="1.066" /><testcase classname="backend.tests.test_iteration28_fivem_link.TestLbPhoneNotifications" name="test_lbphone_rejects_wrong_secret" time="0.138" /></testsuite></testsuites>