<?xml version="1.0" encoding="utf-8"?><testsuites name="pytest tests"><testsuite name="pytest" errors="0" failures="0" skipped="0" tests="11" time="27.973" timestamp="2026-02-07T10:13:52.915754+00:00" hostname="agent-env-4a94d962-948c-4551-a00f-dd5ea3e6b54d"><testcase classname="backend.tests.test_citizen_registration.TestHealthAndBasics" name="test_backend_health" time="5.685" /><testcase classname="backend.tests.test_citizen_registration.TestHealthAndBasics" name="test_city_hub_loads" time="2.400" /><testcase classname="backend.tests.test_citizen_registration.TestCitizenRegistration" name="test_register_citizen_success" time="2.970" /><testcase classname="backend.tests.test_citizen_registration.TestCitizenRegistration" name="test_register_duplicate_email_returns_409" time="2.956" /><testcase classname="backend.tests.test_citizen_registration.TestCitizenRegistration" name="test_register_short_password_returns_400" time="0.781" /><testcase classname="backend.tests.test_citizen_registration.TestCitizenRegistration" name="test_register_short_game_name_returns_400" time="0.778" /><testcase classname="backend.tests.test_citizen_registration.TestCitizenRegistration" name="test_register_empty_game_name_returns_400" time="0.815" /><testcase classname="backend.tests.test_citizen_registration.TestCitizenRegistration" name="test_register_invalid_email_returns_422" time="0.062" /><testcase classname="backend.tests.test_citizen_registration.TestLoginWithNewCitizen" name="test_login_with_registered_citizen" time="5.217" /><testcase classname="backend.tests.test_citizen_registration.TestLoginWithNewCitizen" name="test_login_with_existing_test_citizen" time="3.171" /><testcase classname="backend.tests.test_citizen_registration.TestAdminLogin" name="test_admin_login" time="3.072" /></testsuite></testsuites>