<?xml version="1.0" encoding="utf-8"?><testsuites name="pytest tests"><testsuite name="pytest" errors="0" failures="0" skipped="0" tests="13" time="68.408" timestamp="2026-02-11T09:58:24.391204+00:00" hostname="agent-env-1ac8a357-b647-4d35-9134-6be5fdd10585"><testcase classname="backend.tests.test_iteration21_rbac.TestRBACAuth" name="test_admin_login" time="3.060" /><testcase classname="backend.tests.test_iteration21_rbac.TestRBACStats" name="test_get_rbac_stats" time="5.005" /><testcase classname="backend.tests.test_iteration21_rbac.TestRBACJobs" name="test_list_jobs" time="8.672" /><testcase classname="backend.tests.test_iteration21_rbac.TestRBACJobs" name="test_get_lspd_grades" time="3.701" /><testcase classname="backend.tests.test_iteration21_rbac.TestRBACJobs" name="test_get_ems_grades" time="2.266" /><testcase classname="backend.tests.test_iteration21_rbac.TestRBACJobs" name="test_get_justice_grades" time="2.092" /><testcase classname="backend.tests.test_iteration21_rbac.TestRBACJobs" name="test_get_weazel_grades" time="2.077" /><testcase classname="backend.tests.test_iteration21_rbac.TestRBACStaffRoles" name="test_list_staff_roles" time="4.228" /><testcase classname="backend.tests.test_iteration21_rbac.TestRBACPermissions" name="test_list_permissions" time="4.238" /><testcase classname="backend.tests.test_iteration21_rbac.TestRBACAssignments" name="test_assign_job_to_user" time="14.849" /><testcase classname="backend.tests.test_iteration21_rbac.TestRBACAudit" name="test_get_audit_log" time="4.235" /><testcase classname="backend.tests.test_iteration21_rbac.TestRBACAudit" name="test_audit_log_contains_job_change" time="1.172" /><testcase classname="backend.tests.test_iteration21_rbac.TestRBACUsers" name="test_list_users_rbac" time="12.759" /></testsuite></testsuites>