<?xml version="1.0" encoding="utf-8"?><testsuites name="pytest tests"><testsuite name="pytest" errors="0" failures="0" skipped="0" tests="16" time="91.735" timestamp="2026-02-11T11:56:45.755209+00:00" hostname="agent-env-851c67d1-8f78-4cf1-af54-0ec699d7946b"><testcase classname="backend.tests.test_iteration23_documents.TestDocumentStatusChange" name="test_01_admin_login" time="16.886" /><testcase classname="backend.tests.test_iteration23_documents.TestDocumentStatusChange" name="test_02_get_documents_list" time="4.902" /><testcase classname="backend.tests.test_iteration23_documents.TestDocumentStatusChange" name="test_03_get_document_permissions" time="9.346" /><testcase classname="backend.tests.test_iteration23_documents.TestDocumentStatusChange" name="test_04_get_document_detail" time="4.187" /><testcase classname="backend.tests.test_iteration23_documents.TestDocumentStatusChange" name="test_05_get_document_events" time="4.159" /><testcase classname="backend.tests.test_iteration23_documents.TestDocumentStatusChange" name="test_06_suspend_document_validation_short_reason" time="3.794" /><testcase classname="backend.tests.test_iteration23_documents.TestDocumentStatusChange" name="test_07_suspend_document_validation_empty_reason" time="3.788" /><testcase classname="backend.tests.test_iteration23_documents.TestDocumentStatusChange" name="test_08_suspend_document_success" time="7.893" /><testcase classname="backend.tests.test_iteration23_documents.TestDocumentStatusChange" name="test_09_verify_suspension_in_events" time="4.167" /><testcase classname="backend.tests.test_iteration23_documents.TestDocumentStatusChange" name="test_10_reactivate_document_success" time="7.849" /><testcase classname="backend.tests.test_iteration23_documents.TestDocumentStatusChange" name="test_11_verify_reactivation_in_events" time="4.230" /><testcase classname="backend.tests.test_iteration23_documents.TestDocumentStatusChange" name="test_12_document_types_endpoint" time="3.970" /><testcase classname="backend.tests.test_iteration23_documents.TestDocumentStatusChange" name="test_13_document_stats_endpoint" time="5.107" /><testcase classname="backend.tests.test_iteration23_documents.TestDocumentStatusChange" name="test_14_invalid_status_value" time="3.794" /><testcase classname="backend.tests.test_iteration23_documents.TestDocumentStatusChange" name="test_15_document_not_found" time="4.515" /><testcase classname="backend.tests.test_iteration23_documents.TestDocumentStatusChange" name="test_16_unauthenticated_access" time="3.076" /></testsuite></testsuites>