<?xml version="1.0" encoding="utf-8"?><testsuites name="pytest tests"><testsuite name="pytest" errors="0" failures="8" skipped="0" tests="32" time="129.400" timestamp="2026-02-08T02:10:23.347953+00:00" hostname="agent-env-4473dedf-e22f-4d6d-af75-45532632c172"><testcase classname="tests.test_audit_iteration12.TestAuth" name="test_login_success" time="7.420" /><testcase classname="tests.test_audit_iteration12.TestAuth" name="test_login_invalid_credentials" time="3.110" /><testcase classname="tests.test_audit_iteration12.TestAuth" name="test_token_validation_me_endpoint" time="3.822" /><testcase classname="tests.test_audit_iteration12.TestAuth" name="test_protected_route_without_token" time="0.063"><failure message="assert 403 == 401&#10; +  where 403 = &lt;Response [403]&gt;.status_code">tests/test_audit_iteration12.py:70: in test_protected_route_without_token
    assert response.status_code == 401
E   assert 403 == 401
E    +  where 403 = &lt;Response [403]&gt;.status_code</failure></testcase><testcase classname="tests.test_audit_iteration12.TestAuth" name="test_logout" time="4.718" /><testcase classname="tests.test_audit_iteration12.TestLSPD" name="test_lspd_stats" time="4.578" /><testcase classname="tests.test_audit_iteration12.TestLSPD" name="test_cases_list" time="4.052" /><testcase classname="tests.test_audit_iteration12.TestLSPD" name="test_case_create" time="4.918"><failure message="AssertionError: assert 'open' == 'OPEN'&#10;  &#10;  - OPEN&#10;  + open">tests/test_audit_iteration12.py:137: in test_case_create
    assert data["status"] == "OPEN"
E   AssertionError: assert 'open' == 'OPEN'
E     
E     - OPEN
E     + open</failure></testcase><testcase classname="tests.test_audit_iteration12.TestLSPD" name="test_warrants_list" time="4.011" /><testcase classname="tests.test_audit_iteration12.TestLSPD" name="test_fines_list" time="3.981" /><testcase classname="tests.test_audit_iteration12.TestEMS" name="test_ems_stats" time="4.468" /><testcase classname="tests.test_audit_iteration12.TestEMS" name="test_patients_list" time="3.980" /><testcase classname="tests.test_audit_iteration12.TestEMS" name="test_patient_create" time="4.944" /><testcase classname="tests.test_audit_iteration12.TestEMS" name="test_reports_list" time="4.021" /><testcase classname="tests.test_audit_iteration12.TestJustice" name="test_justice_stats" time="4.380" /><testcase classname="tests.test_audit_iteration12.TestJustice" name="test_legal_cases_list" time="4.036" /><testcase classname="tests.test_audit_iteration12.TestJustice" name="test_legal_case_create" time="4.929" /><testcase classname="tests.test_audit_iteration12.TestJustice" name="test_hearings_list" time="4.029" /><testcase classname="tests.test_audit_iteration12.TestJustice" name="test_hearing_create" time="3.815"><failure message="assert 520 == 200&#10; +  where 520 = &lt;Response [520]&gt;.status_code">tests/test_audit_iteration12.py:276: in test_hearing_create
    assert response.status_code == 200
E   assert 520 == 200
E    +  where 520 = &lt;Response [520]&gt;.status_code</failure></testcase><testcase classname="tests.test_audit_iteration12.TestDispatch" name="test_dispatch_stats" time="4.534" /><testcase classname="tests.test_audit_iteration12.TestDispatch" name="test_active_calls" time="4.038" /><testcase classname="tests.test_audit_iteration12.TestDispatch" name="test_calls_list" time="4.021" /><testcase classname="tests.test_audit_iteration12.TestCityHub" name="test_announcements_public" time="3.098"><failure message="assert 404 == 200&#10; +  where 404 = &lt;Response [404]&gt;.status_code">tests/test_audit_iteration12.py:339: in test_announcements_public
    assert response.status_code == 200
E   assert 404 == 200
E    +  where 404 = &lt;Response [404]&gt;.status_code</failure></testcase><testcase classname="tests.test_audit_iteration12.TestCityHub" name="test_events_public" time="3.842" /><testcase classname="tests.test_audit_iteration12.TestCityHub" name="test_ads_active" time="3.868" /><testcase classname="tests.test_audit_iteration12.TestCityHub" name="test_recruitment_list" time="3.055"><failure message="assert 404 == 200&#10; +  where 404 = &lt;Response [404]&gt;.status_code">tests/test_audit_iteration12.py:363: in test_recruitment_list
    assert response.status_code == 200
E   assert 404 == 200
E    +  where 404 = &lt;Response [404]&gt;.status_code</failure></testcase><testcase classname="tests.test_audit_iteration12.TestCityHub" name="test_appointments_list" time="3.073"><failure message="assert 404 == 200&#10; +  where 404 = &lt;Response [404]&gt;.status_code">tests/test_audit_iteration12.py:371: in test_appointments_list
    assert response.status_code == 200
E   assert 404 == 200
E    +  where 404 = &lt;Response [404]&gt;.status_code</failure></testcase><testcase classname="tests.test_audit_iteration12.TestNews" name="test_breaking_news_public" time="3.845" /><testcase classname="tests.test_audit_iteration12.TestNews" name="test_news_articles_list" time="3.054"><failure message="assert 422 == 200&#10; +  where 422 = &lt;Response [422]&gt;.status_code">tests/test_audit_iteration12.py:402: in test_news_articles_list
    assert response.status_code == 200
E   assert 422 == 200
E    +  where 422 = &lt;Response [422]&gt;.status_code</failure></testcase><testcase classname="tests.test_audit_iteration12.TestDeleteUniversal" name="test_delete_permissions" time="3.828" /><testcase classname="tests.test_audit_iteration12.TestDeleteUniversal" name="test_delete_case_flow" time="5.900"><failure message="assert 520 == 200&#10; +  where 520 = &lt;Response [520]&gt;.status_code">tests/test_audit_iteration12.py:446: in test_delete_case_flow
    assert delete_resp.status_code == 200
E   assert 520 == 200
E    +  where 520 = &lt;Response [520]&gt;.status_code</failure></testcase><testcase classname="tests.test_audit_iteration12.TestSSE" name="test_sse_endpoint_exists" time="3.816" /></testsuite></testsuites>