<?xml version="1.0" encoding="utf-8"?><testsuites name="pytest tests"><testsuite name="pytest" errors="0" failures="0" skipped="0" tests="31" time="9.388" timestamp="2026-02-06T12:23:43.204106+00:00" hostname="agent-env-18124fa2-70b2-4972-b935-c190c3ea0450"><testcase classname="backend.tests.test_cityhub_apis.TestHealthAndSetup" name="test_health_endpoint" time="0.063" /><testcase classname="backend.tests.test_cityhub_apis.TestAuthentication" name="test_admin_login" time="0.314" /><testcase classname="backend.tests.test_cityhub_apis.TestRecruitmentAPI" name="test_get_available_sectors" time="0.332" /><testcase classname="backend.tests.test_cityhub_apis.TestRecruitmentAPI" name="test_create_application" time="0.371" /><testcase classname="backend.tests.test_cityhub_apis.TestRecruitmentAPI" name="test_get_my_applications" time="0.329" /><testcase classname="backend.tests.test_cityhub_apis.TestRecruitmentAPI" name="test_get_sector_applications" time="0.320" /><testcase classname="backend.tests.test_cityhub_apis.TestRecruitmentAPI" name="test_get_recruitment_stats" time="0.329" /><testcase classname="backend.tests.test_cityhub_apis.TestAppointmentsAPI" name="test_create_appointment_request" time="0.342" /><testcase classname="backend.tests.test_cityhub_apis.TestAppointmentsAPI" name="test_get_my_requests" time="0.319" /><testcase classname="backend.tests.test_cityhub_apis.TestAppointmentsAPI" name="test_get_sector_appointments" time="0.331" /><testcase classname="backend.tests.test_cityhub_apis.TestAppointmentsAPI" name="test_get_sector_calendar" time="0.315" /><testcase classname="backend.tests.test_cityhub_apis.TestAppointmentsAPI" name="test_get_appointment_stats" time="0.314" /><testcase classname="backend.tests.test_cityhub_apis.TestAnnouncementsAPI" name="test_get_categories" time="0.032" /><testcase classname="backend.tests.test_cityhub_apis.TestAnnouncementsAPI" name="test_get_public_announcements" time="0.035" /><testcase classname="backend.tests.test_cityhub_apis.TestAnnouncementsAPI" name="test_create_announcement" time="0.321" /><testcase classname="backend.tests.test_cityhub_apis.TestAnnouncementsAPI" name="test_get_my_announcements" time="0.310" /><testcase classname="backend.tests.test_cityhub_apis.TestAnnouncementsAPI" name="test_get_pending_announcements" time="0.312" /><testcase classname="backend.tests.test_cityhub_apis.TestAnnouncementsAPI" name="test_get_announcement_stats" time="0.328" /><testcase classname="backend.tests.test_cityhub_apis.TestAdvertisingAPI" name="test_get_positions" time="0.054" /><testcase classname="backend.tests.test_cityhub_apis.TestAdvertisingAPI" name="test_request_ad_slot" time="0.333" /><testcase classname="backend.tests.test_cityhub_apis.TestAdvertisingAPI" name="test_get_my_slots" time="0.313" /><testcase classname="backend.tests.test_cityhub_apis.TestAdvertisingAPI" name="test_get_pending_slots" time="0.354" /><testcase classname="backend.tests.test_cityhub_apis.TestAdvertisingAPI" name="test_get_my_stats" time="0.317" /><testcase classname="backend.tests.test_cityhub_apis.TestAdvertisingAPI" name="test_get_all_stats" time="0.311" /><testcase classname="backend.tests.test_cityhub_apis.TestModerationWorkflows" name="test_moderate_announcement_approve" time="0.417" /><testcase classname="backend.tests.test_cityhub_apis.TestModerationWorkflows" name="test_approve_ad_slot" time="0.374" /><testcase classname="backend.tests.test_cityhub_apis.TestModerationWorkflows" name="test_reject_ad_slot" time="0.367" /><testcase classname="backend.tests.test_cityhub_apis.TestAppointmentWorkflows" name="test_handle_appointment_accept" time="0.371" /><testcase classname="backend.tests.test_cityhub_apis.TestAppointmentWorkflows" name="test_cancel_appointment" time="0.372" /><testcase classname="backend.tests.test_cityhub_apis.TestRecruitmentWorkflows" name="test_review_application" time="0.314" /><testcase classname="backend.tests.test_cityhub_apis.TestCleanup" name="test_cleanup_test_announcements" time="0.400" /></testsuite></testsuites>