<?xml version="1.0" encoding="utf-8"?><testsuites name="pytest tests"><testsuite name="pytest" errors="0" failures="0" skipped="0" tests="21" time="89.310" timestamp="2026-03-23T02:26:04.291008+00:00" hostname="agent-env-e5915d2a-8688-4db2-b93a-1751fa9360c7"><testcase classname="backend.tests.test_iteration26_citizen_features.TestCitizenAuth" name="test_citizen_login_success" time="8.403" /><testcase classname="backend.tests.test_iteration26_citizen_features.TestCitizenAuth" name="test_admin_login_success" time="2.147" /><testcase classname="backend.tests.test_iteration26_citizen_features.TestCitizenDashboard" name="test_citizen_dashboard_returns_stats" time="3.319" /><testcase classname="backend.tests.test_iteration26_citizen_features.TestCitizenFines" name="test_get_my_fines" time="2.864" /><testcase classname="backend.tests.test_iteration26_citizen_features.TestCitizenFines" name="test_get_my_fines_filtered_unpaid" time="2.833" /><testcase classname="backend.tests.test_iteration26_citizen_features.TestCitizenFines" name="test_get_my_fines_filtered_paid" time="2.844" /><testcase classname="backend.tests.test_iteration26_citizen_features.TestCitizenWarrants" name="test_get_my_warrants" time="2.918" /><testcase classname="backend.tests.test_iteration26_citizen_features.TestCitizenProfile" name="test_get_citizen_profile" time="2.900" /><testcase classname="backend.tests.test_iteration26_citizen_features.TestTicketsSystem" name="test_create_ticket" time="6.210" /><testcase classname="backend.tests.test_iteration26_citizen_features.TestTicketsSystem" name="test_get_my_tickets" time="3.988" /><testcase classname="backend.tests.test_iteration26_citizen_features.TestTicketsSystem" name="test_staff_get_all_tickets" time="3.685" /><testcase classname="backend.tests.test_iteration26_citizen_features.TestTicketsSystem" name="test_staff_get_ticket_stats" time="3.957" /><testcase classname="backend.tests.test_iteration26_citizen_features.TestTicketsSystem" name="test_ticket_reply_flow" time="13.970" /><testcase classname="backend.tests.test_iteration26_citizen_features.TestTicketsSystem" name="test_ticket_status_update" time="11.490" /><testcase classname="backend.tests.test_iteration26_citizen_features.TestTicketsSystem" name="test_citizen_cannot_update_status" time="7.112" /><testcase classname="backend.tests.test_iteration26_citizen_features.TestLBPhoneNotifications" name="test_get_pending_notifications" time="1.058" /><testcase classname="backend.tests.test_iteration26_citizen_features.TestLBPhoneNotifications" name="test_get_pending_notifications_invalid_secret" time="0.138" /><testcase classname="backend.tests.test_iteration26_citizen_features.TestLBPhoneNotifications" name="test_mark_notifications_sent" time="2.110" /><testcase classname="backend.tests.test_iteration26_citizen_features.TestLBPhoneNotifications" name="test_notification_stats" time="1.302" /><testcase classname="backend.tests.test_iteration26_citizen_features.TestCitizenAccessControl" name="test_citizen_cannot_access_staff_tickets" time="2.988" /><testcase classname="backend.tests.test_iteration26_citizen_features.TestCitizenAccessControl" name="test_citizen_cannot_access_staff_stats" time="2.981" /></testsuite></testsuites>