<?xml version="1.0" encoding="utf-8"?><testsuites name="pytest tests"><testsuite name="pytest" errors="0" failures="0" skipped="0" tests="18" time="45.884" timestamp="2026-03-23T12:05:30.200615+00:00" hostname="agent-env-d5e7a569-1bdc-47c3-8bc1-7fc38abee436"><testcase classname="backend.tests.test_iteration32_jobs_multidept.TestDepartments" name="test_get_departments_admin" time="11.747" /><testcase classname="backend.tests.test_iteration32_jobs_multidept.TestDepartments" name="test_create_department_admin_only" time="2.793" /><testcase classname="backend.tests.test_iteration32_jobs_multidept.TestDepartments" name="test_create_department_lspd_forbidden" time="2.745" /><testcase classname="backend.tests.test_iteration32_jobs_multidept.TestPostings" name="test_get_postings_admin_sees_all" time="1.948" /><testcase classname="backend.tests.test_iteration32_jobs_multidept.TestPostings" name="test_get_postings_lspd_sees_only_lspd" time="1.715" /><testcase classname="backend.tests.test_iteration32_jobs_multidept.TestPostings" name="test_create_posting_lspd_for_lspd" time="3.142" /><testcase classname="backend.tests.test_iteration32_jobs_multidept.TestPostings" name="test_create_posting_ems_for_lspd_forbidden" time="3.138" /><testcase classname="backend.tests.test_iteration32_jobs_multidept.TestOpenPostings" name="test_get_open_postings_citizen" time="1.669" /><testcase classname="backend.tests.test_iteration32_jobs_multidept.TestOpenPostings" name="test_citizen_sees_application_status" time="1.663" /><testcase classname="backend.tests.test_iteration32_jobs_multidept.TestApplications" name="test_get_my_applications_citizen" time="1.474" /><testcase classname="backend.tests.test_iteration32_jobs_multidept.TestApplications" name="test_get_posting_applications_admin" time="1.607" /><testcase classname="backend.tests.test_iteration32_jobs_multidept.TestApplications" name="test_get_posting_applications_lspd_for_lspd" time="1.563" /><testcase classname="backend.tests.test_iteration32_jobs_multidept.TestApplications" name="test_get_posting_applications_ems_for_lspd_forbidden" time="1.448" /><testcase classname="backend.tests.test_iteration32_jobs_multidept.TestDeptStats" name="test_dept_stats_admin" time="1.923" /><testcase classname="backend.tests.test_iteration32_jobs_multidept.TestDeptStats" name="test_dept_stats_lspd" time="2.181" /><testcase classname="backend.tests.test_iteration32_jobs_multidept.TestAccessControl" name="test_citizen_cannot_access_dept_stats" time="2.451" /><testcase classname="backend.tests.test_iteration32_jobs_multidept.TestAccessControl" name="test_citizen_cannot_create_posting" time="0.974" /><testcase classname="backend.tests.test_iteration32_jobs_multidept.TestAccessControl" name="test_citizen_cannot_review_application" time="1.611" /></testsuite></testsuites>