<?xml version="1.0" encoding="utf-8"?><testsuites name="pytest tests"><testsuite name="pytest" errors="0" failures="0" skipped="0" tests="25" time="93.200" timestamp="2026-02-11T12:19:09.632370+00:00" hostname="agent-env-851c67d1-8f78-4cf1-af54-0ec699d7946b"><testcase classname="backend.tests.test_iteration24_marketplace.TestMarketplaceAuth" name="test_admin_login" time="10.540" /><testcase classname="backend.tests.test_iteration24_marketplace.TestMarketplaceCategories" name="test_get_categories" time="3.120" /><testcase classname="backend.tests.test_iteration24_marketplace.TestMarketplaceListings" name="test_list_listings_empty_or_populated" time="4.324" /><testcase classname="backend.tests.test_iteration24_marketplace.TestMarketplaceListings" name="test_create_listing_vehicles" time="3.451" /><testcase classname="backend.tests.test_iteration24_marketplace.TestMarketplaceListings" name="test_create_listing_real_estate" time="3.396" /><testcase classname="backend.tests.test_iteration24_marketplace.TestMarketplaceListings" name="test_create_listing_jobs" time="3.467" /><testcase classname="backend.tests.test_iteration24_marketplace.TestMarketplaceListings" name="test_create_listing_services" time="3.606" /><testcase classname="backend.tests.test_iteration24_marketplace.TestMarketplaceListings" name="test_create_listing_validation_title_too_short" time="0.870" /><testcase classname="backend.tests.test_iteration24_marketplace.TestMarketplaceListings" name="test_create_listing_validation_description_too_short" time="0.778" /><testcase classname="backend.tests.test_iteration24_marketplace.TestMarketplaceListings" name="test_get_listing_detail" time="1.372" /><testcase classname="backend.tests.test_iteration24_marketplace.TestMarketplaceListings" name="test_get_listing_not_found" time="0.961" /><testcase classname="backend.tests.test_iteration24_marketplace.TestMarketplaceListings" name="test_list_my_listings" time="1.566" /><testcase classname="backend.tests.test_iteration24_marketplace.TestMarketplaceListings" name="test_list_by_category" time="1.589" /><testcase classname="backend.tests.test_iteration24_marketplace.TestMarketplaceModeration" name="test_get_pending_listings" time="4.457" /><testcase classname="backend.tests.test_iteration24_marketplace.TestMarketplaceModeration" name="test_approve_listing" time="3.446" /><testcase classname="backend.tests.test_iteration24_marketplace.TestMarketplaceModeration" name="test_reject_listing" time="2.144" /><testcase classname="backend.tests.test_iteration24_marketplace.TestMarketplaceModeration" name="test_moderate_invalid_action" time="0.823" /><testcase classname="backend.tests.test_iteration24_marketplace.TestMarketplaceInterests" name="test_express_interest_own_listing_fails" time="4.243" /><testcase classname="backend.tests.test_iteration24_marketplace.TestMarketplaceInterests" name="test_get_listing_interests_as_owner" time="1.168" /><testcase classname="backend.tests.test_iteration24_marketplace.TestMarketplaceStats" name="test_get_stats_summary" time="4.617" /><testcase classname="backend.tests.test_iteration24_marketplace.TestMarketplaceStats" name="test_get_permissions" time="4.277" /><testcase classname="backend.tests.test_iteration24_marketplace.TestMarketplaceDelete" name="test_mark_as_sold" time="5.609" /><testcase classname="backend.tests.test_iteration24_marketplace.TestMarketplaceDelete" name="test_delete_listing" time="3.318" /><testcase classname="backend.tests.test_iteration24_marketplace.TestMarketplaceDelete" name="test_delete_nonexistent_listing" time="0.984" /><testcase classname="backend.tests.test_iteration24_marketplace.TestMarketplaceCleanup" name="test_cleanup_test_listings" time="19.012" /></testsuite></testsuites>