<?xml version="1.0" encoding="utf-8"?><testsuites name="pytest tests"><testsuite name="pytest" errors="0" failures="0" skipped="0" tests="23" time="66.809" timestamp="2026-02-11T06:36:17.110431+00:00" hostname="agent-env-acc78960-36ac-4bf6-b052-61665a70c0c7"><testcase classname="backend.tests.test_iteration19_phase2.TestAuth" name="test_admin_login" time="12.668" /><testcase classname="backend.tests.test_iteration19_phase2.TestAppointmentsCRUD" name="test_get_appointments_list" time="4.137" /><testcase classname="backend.tests.test_iteration19_phase2.TestAppointmentsCRUD" name="test_create_appointment" time="1.936" /><testcase classname="backend.tests.test_iteration19_phase2.TestAppointmentsCRUD" name="test_get_appointment_by_id" time="2.957" /><testcase classname="backend.tests.test_iteration19_phase2.TestAppointmentsCRUD" name="test_update_appointment" time="4.055" /><testcase classname="backend.tests.test_iteration19_phase2.TestAppointmentsCRUD" name="test_delete_appointment" time="3.877" /><testcase classname="backend.tests.test_iteration19_phase2.TestAppointmentsCRUD" name="test_confirm_appointment" time="3.111" /><testcase classname="backend.tests.test_iteration19_phase2.TestCalendarViews" name="test_get_week_view" time="4.092" /><testcase classname="backend.tests.test_iteration19_phase2.TestCalendarViews" name="test_get_month_view" time="1.003" /><testcase classname="backend.tests.test_iteration19_phase2.TestCalendarViews" name="test_get_week_view_with_date" time="0.974" /><testcase classname="backend.tests.test_iteration19_phase2.TestReminderSystem" name="test_reminder_test_endpoint" time="6.173" /><testcase classname="backend.tests.test_iteration19_phase2.TestNUIHandshakeDev" name="test_handshake_dev_lspd" time="0.775" /><testcase classname="backend.tests.test_iteration19_phase2.TestNUIHandshakeDev" name="test_handshake_dev_ems" time="0.825" /><testcase classname="backend.tests.test_iteration19_phase2.TestNUIHandshakeDev" name="test_handshake_dev_civil" time="0.776" /><testcase classname="backend.tests.test_iteration19_phase2.TestNUIHandshakeDev" name="test_handshake_dev_invalid_code" time="0.061" /><testcase classname="backend.tests.test_iteration19_phase2.TestNUIHandshakeDev" name="test_handshake_dev_without_header" time="0.035" /><testcase classname="backend.tests.test_iteration19_phase2.TestRateLimitStats" name="test_rate_limit_stats" time="0.032" /><testcase classname="backend.tests.test_iteration19_phase2.TestPOIRegression" name="test_poi_categories" time="3.174" /><testcase classname="backend.tests.test_iteration19_phase2.TestPOIRegression" name="test_poi_list" time="0.972" /><testcase classname="backend.tests.test_iteration19_phase2.TestPOIRegression" name="test_poi_crud" time="5.876" /><testcase classname="backend.tests.test_iteration19_phase2.TestAppointmentTypes" name="test_create_hearing_appointment" time="5.333" /><testcase classname="backend.tests.test_iteration19_phase2.TestAppointmentTypes" name="test_create_interview_appointment" time="1.934" /><testcase classname="backend.tests.test_iteration19_phase2.TestAppointmentTypes" name="test_create_training_appointment" time="1.929" /></testsuite></testsuites>