<?xml version="1.0" encoding="utf-8"?><testsuites name="pytest tests"><testsuite name="pytest" errors="0" failures="0" skipped="0" tests="16" time="76.314" timestamp="2026-02-11T10:47:10.163438+00:00" hostname="agent-env-4f9a39d0-be01-45f9-86c5-66b900a43d0e"><testcase classname="tests.test_iteration22_sync.TestRBACSyncEndpoints" name="test_get_sync_config_returns_sources" time="12.311" /><testcase classname="tests.test_iteration22_sync.TestRBACSyncEndpoints" name="test_get_sync_config_returns_modes" time="3.970" /><testcase classname="tests.test_iteration22_sync.TestRBACSyncEndpoints" name="test_get_sync_config_returns_info" time="3.997" /><testcase classname="tests.test_iteration22_sync.TestRBACSyncEndpoints" name="test_get_sync_config_italian_labels" time="3.977" /><testcase classname="tests.test_iteration22_sync.TestRBACSyncEndpoints" name="test_sync_dry_run_returns_report" time="4.703" /><testcase classname="tests.test_iteration22_sync.TestRBACSyncEndpoints" name="test_sync_dry_run_no_framework_detected" time="4.755" /><testcase classname="tests.test_iteration22_sync.TestRBACSyncEndpoints" name="test_sync_dry_run_with_esx_source" time="4.206" /><testcase classname="tests.test_iteration22_sync.TestRBACSyncEndpoints" name="test_sync_dry_run_with_qbcore_source" time="4.382" /><testcase classname="tests.test_iteration22_sync.TestRBACSyncEndpoints" name="test_sync_dry_run_with_strict_mode" time="4.695" /><testcase classname="tests.test_iteration22_sync.TestRBACSyncEndpoints" name="test_sync_invalid_source_returns_400" time="4.017" /><testcase classname="tests.test_iteration22_sync.TestRBACSyncEndpoints" name="test_sync_invalid_mode_returns_400" time="3.952" /><testcase classname="tests.test_iteration22_sync.TestRBACSyncEndpoints" name="test_get_last_report_after_sync" time="5.698" /><testcase classname="tests.test_iteration22_sync.TestRBACSyncEndpoints" name="test_sync_requires_authentication" time="3.077" /><testcase classname="tests.test_iteration22_sync.TestRBACSyncEndpoints" name="test_sync_config_requires_authentication" time="3.091" /><testcase classname="tests.test_iteration22_sync.TestRBACSyncService" name="test_sync_report_has_duration" time="4.698" /><testcase classname="tests.test_iteration22_sync.TestRBACSyncService" name="test_sync_report_has_items_list" time="4.704" /></testsuite></testsuites>