<?xml version="1.0" encoding="utf-8"?><testsuites name="pytest tests"><testsuite name="pytest" errors="0" failures="0" skipped="0" tests="22" time="80.854" timestamp="2026-02-10T19:23:49.968019+00:00" hostname="agent-env-acc78960-36ac-4bf6-b052-61665a70c0c7"><testcase classname="backend.tests.test_iteration18.TestAuth" name="test_login_success" time="7.801" /><testcase classname="backend.tests.test_iteration18.TestWarrantStatusManagement" name="test_create_warrant" time="4.942" /><testcase classname="backend.tests.test_iteration18.TestWarrantStatusManagement" name="test_warrant_status_open_to_executed" time="3.981" /><testcase classname="backend.tests.test_iteration18.TestWarrantStatusManagement" name="test_warrant_status_open_to_expired" time="3.921" /><testcase classname="backend.tests.test_iteration18.TestWarrantStatusManagement" name="test_warrant_status_open_to_cancelled" time="3.943" /><testcase classname="backend.tests.test_iteration18.TestWarrantStatusManagement" name="test_invalid_status_transition" time="4.885" /><testcase classname="backend.tests.test_iteration18.TestFineModificationDeletion" name="test_create_fine" time="5.111" /><testcase classname="backend.tests.test_iteration18.TestFineModificationDeletion" name="test_modify_fine" time="4.095" /><testcase classname="backend.tests.test_iteration18.TestFineModificationDeletion" name="test_delete_fine" time="4.356" /><testcase classname="backend.tests.test_iteration18.TestEvidence" name="test_add_evidence" time="6.980" /><testcase classname="backend.tests.test_iteration18.TestEvidence" name="test_get_case_with_evidence" time="1.678" /><testcase classname="backend.tests.test_iteration18.TestPOI" name="test_get_poi_categories" time="0.055" /><testcase classname="backend.tests.test_iteration18.TestPOI" name="test_create_poi" time="4.709" /><testcase classname="backend.tests.test_iteration18.TestPOI" name="test_get_pois" time="1.196" /><testcase classname="backend.tests.test_iteration18.TestPOI" name="test_update_poi" time="3.591" /><testcase classname="backend.tests.test_iteration18.TestPOI" name="test_delete_poi" time="2.870" /><testcase classname="backend.tests.test_iteration18.TestJustice" name="test_get_justice_cases" time="3.985" /><testcase classname="backend.tests.test_iteration18.TestJustice" name="test_create_justice_case" time="1.899" /><testcase classname="backend.tests.test_iteration18.TestJustice" name="test_get_hearings" time="0.963" /><testcase classname="backend.tests.test_iteration18.TestJustice" name="test_create_hearing_with_case" time="3.757" /><testcase classname="backend.tests.test_iteration18.TestCityPulse" name="test_lspd_stats" time="4.547" /><testcase classname="backend.tests.test_iteration18.TestCityPulse" name="test_dispatch_stats" time="1.493" /></testsuite></testsuites>