<?xml version="1.0" encoding="utf-8"?><testsuites name="pytest tests"><testsuite name="pytest" errors="0" failures="0" skipped="0" tests="9" time="0.540" timestamp="2026-02-04T13:07:07.494504+00:00" hostname="agent-env-e2b41683-6845-46dc-9850-d775026b26ea"><testcase classname="tests.test_health_and_public.TestHealthEndpoint" name="test_health_returns_200" time="0.103" /><testcase classname="tests.test_health_and_public.TestHealthEndpoint" name="test_health_response_structure" time="0.042" /><testcase classname="tests.test_health_and_public.TestHealthEndpoint" name="test_health_shows_degraded_when_db_down" time="0.039" /><testcase classname="tests.test_health_and_public.TestSystemInfoEndpoint" name="test_root_returns_200" time="0.040" /><testcase classname="tests.test_health_and_public.TestSystemInfoEndpoint" name="test_root_response_structure" time="0.038" /><testcase classname="tests.test_health_and_public.TestPublicEndpointsDbDown" name="test_city_events_endpoint" time="0.037" /><testcase classname="tests.test_health_and_public.TestPublicEndpointsDbDown" name="test_city_ads_active_endpoint" time="0.039" /><testcase classname="tests.test_health_and_public.TestPublicEndpointsDbDown" name="test_news_list_endpoint" time="0.046" /><testcase classname="tests.test_health_and_public.TestPublicEndpointsDbDown" name="test_news_breaking_endpoint" time="0.040" /></testsuite></testsuites>