<?xml version="1.0" encoding="utf-8"?><testsuites name="pytest tests"><testsuite name="pytest" errors="0" failures="0" skipped="0" tests="14" time="158.700" timestamp="2026-03-23T12:30:58.092106+00:00" hostname="agent-env-d5e7a569-1bdc-47c3-8bc1-7fc38abee436"><testcase classname="backend.tests.test_iteration33_directors.TestDirectorManagement" name="test_admin_can_list_dept_managers" time="20.415" /><testcase classname="backend.tests.test_iteration33_directors.TestDirectorManagement" name="test_admin_can_search_users_for_manager" time="9.526" /><testcase classname="backend.tests.test_iteration33_directors.TestDirectorManagement" name="test_non_admin_cannot_search_users" time="9.293" /><testcase classname="backend.tests.test_iteration33_directors.TestDirectorManagement" name="test_non_admin_cannot_assign_manager" time="11.950" /><testcase classname="backend.tests.test_iteration33_directors.TestDirectorManagement" name="test_departments_include_managers_count" time="11.350" /><testcase classname="backend.tests.test_iteration33_directors.TestDirectorManagement" name="test_lspd_director_can_create_lspd_posting" time="12.485" /><testcase classname="backend.tests.test_iteration33_directors.TestDirectorManagement" name="test_ems_staff_cannot_create_lspd_posting" time="10.395" /><testcase classname="backend.tests.test_iteration33_directors.TestDirectorManagement" name="test_admin_can_create_posting_for_any_dept" time="12.172" /><testcase classname="backend.tests.test_iteration33_directors.TestDirectorManagement" name="test_citizen_cannot_create_posting" time="10.202" /><testcase classname="backend.tests.test_iteration33_directors.TestDirectorManagement" name="test_director_can_update_own_department" time="13.268" /><testcase classname="backend.tests.test_iteration33_directors.TestDirectorManagement" name="test_ems_cannot_update_lspd_department" time="13.196" /><testcase classname="backend.tests.test_iteration33_directors.TestManagerAssignmentFlow" name="test_full_manager_assignment_flow" time="16.601" /><testcase classname="backend.tests.test_iteration33_directors.TestCitizenJobBoard" name="test_citizen_can_view_open_postings" time="4.046" /><testcase classname="backend.tests.test_iteration33_directors.TestCitizenJobBoard" name="test_citizen_can_view_own_applications" time="3.733" /></testsuite></testsuites>