<?xml version="1.0" encoding="utf-8"?><testsuites name="pytest tests"><testsuite name="pytest" errors="0" failures="2" skipped="0" tests="25" time="84.111" timestamp="2026-02-11T12:16:25.029001+00:00" hostname="agent-env-851c67d1-8f78-4cf1-af54-0ec699d7946b"><testcase classname="backend.tests.test_iteration24_marketplace.TestMarketplaceAuth" name="test_admin_login" time="11.279" /><testcase classname="backend.tests.test_iteration24_marketplace.TestMarketplaceCategories" name="test_get_categories" time="3.091" /><testcase classname="backend.tests.test_iteration24_marketplace.TestMarketplaceListings" name="test_list_listings_empty_or_populated" time="4.231" /><testcase classname="backend.tests.test_iteration24_marketplace.TestMarketplaceListings" name="test_create_listing_vehicles" time="3.405" /><testcase classname="backend.tests.test_iteration24_marketplace.TestMarketplaceListings" name="test_create_listing_real_estate" time="3.360" /><testcase classname="backend.tests.test_iteration24_marketplace.TestMarketplaceListings" name="test_create_listing_jobs" time="3.376" /><testcase classname="backend.tests.test_iteration24_marketplace.TestMarketplaceListings" name="test_create_listing_services" time="3.353" /><testcase classname="backend.tests.test_iteration24_marketplace.TestMarketplaceListings" name="test_create_listing_validation_title_too_short" time="0.856" /><testcase classname="backend.tests.test_iteration24_marketplace.TestMarketplaceListings" name="test_create_listing_validation_description_too_short" time="0.776" /><testcase classname="backend.tests.test_iteration24_marketplace.TestMarketplaceListings" name="test_get_listing_detail" time="1.329" /><testcase classname="backend.tests.test_iteration24_marketplace.TestMarketplaceListings" name="test_get_listing_not_found" time="0.955" /><testcase classname="backend.tests.test_iteration24_marketplace.TestMarketplaceListings" name="test_list_my_listings" time="1.517" /><testcase classname="backend.tests.test_iteration24_marketplace.TestMarketplaceListings" name="test_list_by_category" time="1.542" /><testcase classname="backend.tests.test_iteration24_marketplace.TestMarketplaceModeration" name="test_get_pending_listings" time="4.411" /><testcase classname="backend.tests.test_iteration24_marketplace.TestMarketplaceModeration" name="test_approve_listing" time="2.092"><failure message="assert 520 == 200&#10; +  where 520 = &lt;Response [520]&gt;.status_code">backend/tests/test_iteration24_marketplace.py:331: in test_approve_listing
    assert response.status_code == 200
E   assert 520 == 200
E    +  where 520 = &lt;Response [520]&gt;.status_code</failure></testcase><testcase classname="backend.tests.test_iteration24_marketplace.TestMarketplaceModeration" name="test_reject_listing" time="2.065"><failure message="assert 520 == 200&#10; +  where 520 = &lt;Response [520]&gt;.status_code">backend/tests/test_iteration24_marketplace.py:355: in test_reject_listing
    assert response.status_code == 200
E   assert 520 == 200
E    +  where 520 = &lt;Response [520]&gt;.status_code</failure></testcase><testcase classname="backend.tests.test_iteration24_marketplace.TestMarketplaceModeration" name="test_moderate_invalid_action" time="0.772" /><testcase classname="backend.tests.test_iteration24_marketplace.TestMarketplaceInterests" name="test_express_interest_own_listing_fails" time="4.181" /><testcase classname="backend.tests.test_iteration24_marketplace.TestMarketplaceInterests" name="test_get_listing_interests_as_owner" time="1.142" /><testcase classname="backend.tests.test_iteration24_marketplace.TestMarketplaceStats" name="test_get_stats_summary" time="4.631" /><testcase classname="backend.tests.test_iteration24_marketplace.TestMarketplaceStats" name="test_get_permissions" time="4.101" /><testcase classname="backend.tests.test_iteration24_marketplace.TestMarketplaceDelete" name="test_mark_as_sold" time="5.553" /><testcase classname="backend.tests.test_iteration24_marketplace.TestMarketplaceDelete" name="test_delete_listing" time="3.223" /><testcase classname="backend.tests.test_iteration24_marketplace.TestMarketplaceDelete" name="test_delete_nonexistent_listing" time="0.958" /><testcase classname="backend.tests.test_iteration24_marketplace.TestMarketplaceCleanup" name="test_cleanup_test_listings" time="11.789" /></testsuite></testsuites>