<?xml version="1.0" encoding="utf-8"?><testsuites name="pytest tests"><testsuite name="pytest" errors="0" failures="9" skipped="0" tests="23" time="57.435" timestamp="2026-02-11T06:33:02.074251+00:00" hostname="agent-env-acc78960-36ac-4bf6-b052-61665a70c0c7"><testcase classname="backend.tests.test_iteration19_phase2.TestAuth" name="test_admin_login" time="12.260" /><testcase classname="backend.tests.test_iteration19_phase2.TestAppointmentsCRUD" name="test_get_appointments_list" time="4.156" /><testcase classname="backend.tests.test_iteration19_phase2.TestAppointmentsCRUD" name="test_create_appointment" time="1.700"><failure message="AssertionError: Failed: Internal Server Error&#10;assert 520 == 200&#10; +  where 520 = &lt;Response [520]&gt;.status_code">backend/tests/test_iteration19_phase2.py:86: in test_create_appointment
    assert response.status_code == 200, f"Failed: {response.text}"
E   AssertionError: Failed: Internal Server Error
E   assert 520 == 200
E    +  where 520 = &lt;Response [520]&gt;.status_code</failure></testcase><testcase classname="backend.tests.test_iteration19_phase2.TestAppointmentsCRUD" name="test_get_appointment_by_id" time="1.786"><failure message="assert 520 == 200&#10; +  where 520 = &lt;Response [520]&gt;.status_code">backend/tests/test_iteration19_phase2.py:110: in test_get_appointment_by_id
    assert create_response.status_code == 200
E   assert 520 == 200
E    +  where 520 = &lt;Response [520]&gt;.status_code</failure></testcase><testcase classname="backend.tests.test_iteration19_phase2.TestAppointmentsCRUD" name="test_update_appointment" time="1.736"><failure message="assert 520 == 200&#10; +  where 520 = &lt;Response [520]&gt;.status_code">backend/tests/test_iteration19_phase2.py:134: in test_update_appointment
    assert create_response.status_code == 200
E   assert 520 == 200
E    +  where 520 = &lt;Response [520]&gt;.status_code</failure></testcase><testcase classname="backend.tests.test_iteration19_phase2.TestAppointmentsCRUD" name="test_delete_appointment" time="1.697"><failure message="assert 520 == 200&#10; +  where 520 = &lt;Response [520]&gt;.status_code">backend/tests/test_iteration19_phase2.py:165: in test_delete_appointment
    assert create_response.status_code == 200
E   assert 520 == 200
E    +  where 520 = &lt;Response [520]&gt;.status_code</failure></testcase><testcase classname="backend.tests.test_iteration19_phase2.TestAppointmentsCRUD" name="test_confirm_appointment" time="1.778"><failure message="assert 520 == 200&#10; +  where 520 = &lt;Response [520]&gt;.status_code">backend/tests/test_iteration19_phase2.py:188: in test_confirm_appointment
    assert create_response.status_code == 200
E   assert 520 == 200
E    +  where 520 = &lt;Response [520]&gt;.status_code</failure></testcase><testcase classname="backend.tests.test_iteration19_phase2.TestCalendarViews" name="test_get_week_view" time="4.031" /><testcase classname="backend.tests.test_iteration19_phase2.TestCalendarViews" name="test_get_month_view" time="1.017" /><testcase classname="backend.tests.test_iteration19_phase2.TestCalendarViews" name="test_get_week_view_with_date" time="0.974" /><testcase classname="backend.tests.test_iteration19_phase2.TestReminderSystem" name="test_reminder_test_endpoint" time="4.897"><failure message="assert 520 == 200&#10; +  where 520 = &lt;Response [520]&gt;.status_code">backend/tests/test_iteration19_phase2.py:293: in test_reminder_test_endpoint
    assert create_response.status_code == 200
E   assert 520 == 200
E    +  where 520 = &lt;Response [520]&gt;.status_code</failure></testcase><testcase classname="backend.tests.test_iteration19_phase2.TestNUIHandshakeDev" name="test_handshake_dev_lspd" time="0.775" /><testcase classname="backend.tests.test_iteration19_phase2.TestNUIHandshakeDev" name="test_handshake_dev_ems" time="1.972" /><testcase classname="backend.tests.test_iteration19_phase2.TestNUIHandshakeDev" name="test_handshake_dev_civil" time="1.922" /><testcase classname="backend.tests.test_iteration19_phase2.TestNUIHandshakeDev" name="test_handshake_dev_invalid_code" time="0.053" /><testcase classname="backend.tests.test_iteration19_phase2.TestNUIHandshakeDev" name="test_handshake_dev_without_header" time="0.039" /><testcase classname="backend.tests.test_iteration19_phase2.TestRateLimitStats" name="test_rate_limit_stats" time="0.034" /><testcase classname="backend.tests.test_iteration19_phase2.TestPOIRegression" name="test_poi_categories" time="3.166" /><testcase classname="backend.tests.test_iteration19_phase2.TestPOIRegression" name="test_poi_list" time="0.958" /><testcase classname="backend.tests.test_iteration19_phase2.TestPOIRegression" name="test_poi_crud" time="5.858" /><testcase classname="backend.tests.test_iteration19_phase2.TestAppointmentTypes" name="test_create_hearing_appointment" time="4.876"><failure message="AssertionError: Failed: Internal Server Error&#10;assert 520 == 200&#10; +  where 520 = &lt;Response [520]&gt;.status_code">backend/tests/test_iteration19_phase2.py:498: in test_create_hearing_appointment
    assert response.status_code == 200, f"Failed: {response.text}"
E   AssertionError: Failed: Internal Server Error
E   assert 520 == 200
E    +  where 520 = &lt;Response [520]&gt;.status_code</failure></testcase><testcase classname="backend.tests.test_iteration19_phase2.TestAppointmentTypes" name="test_create_interrogation_appointment" time="0.781"><failure message="AssertionError: Failed: {&quot;detail&quot;:[{&quot;type&quot;:&quot;enum&quot;,&quot;loc&quot;:[&quot;body&quot;,&quot;appointment_type&quot;],&quot;msg&quot;:&quot;Input should be 'meeting', 'hearing', 'medical', 'interview', 'training', 'inspection' or 'other'&quot;,&quot;input&quot;:&quot;interrogation&quot;,&quot;ctx&quot;:{&quot;expected&quot;:&quot;'meeting', 'hearing', 'medical', 'interview', 'training', 'inspection' or 'other'&quot;},&quot;url&quot;:&quot;https://errors.pydantic.dev/2.12/v/enum&quot;}]}&#10;assert 422 == 200&#10; +  where 422 = &lt;Response [422]&gt;.status_code">backend/tests/test_iteration19_phase2.py:516: in test_create_interrogation_appointment
    assert response.status_code == 200, f"Failed: {response.text}"
E   AssertionError: Failed: {"detail":[{"type":"enum","loc":["body","appointment_type"],"msg":"Input should be 'meeting', 'hearing', 'medical', 'interview', 'training', 'inspection' or 'other'","input":"interrogation","ctx":{"expected":"'meeting', 'hearing', 'medical', 'interview', 'training', 'inspection' or 'other'"},"url":"https://errors.pydantic.dev/2.12/v/enum"}]}
E   assert 422 == 200
E    +  where 422 = &lt;Response [422]&gt;.status_code</failure></testcase><testcase classname="backend.tests.test_iteration19_phase2.TestAppointmentTypes" name="test_create_patrol_appointment" time="0.795"><failure message="AssertionError: Failed: {&quot;detail&quot;:[{&quot;type&quot;:&quot;enum&quot;,&quot;loc&quot;:[&quot;body&quot;,&quot;appointment_type&quot;],&quot;msg&quot;:&quot;Input should be 'meeting', 'hearing', 'medical', 'interview', 'training', 'inspection' or 'other'&quot;,&quot;input&quot;:&quot;patrol&quot;,&quot;ctx&quot;:{&quot;expected&quot;:&quot;'meeting', 'hearing', 'medical', 'interview', 'training', 'inspection' or 'other'&quot;},&quot;url&quot;:&quot;https://errors.pydantic.dev/2.12/v/enum&quot;}]}&#10;assert 422 == 200&#10; +  where 422 = &lt;Response [422]&gt;.status_code">backend/tests/test_iteration19_phase2.py:534: in test_create_patrol_appointment
    assert response.status_code == 200, f"Failed: {response.text}"
E   AssertionError: Failed: {"detail":[{"type":"enum","loc":["body","appointment_type"],"msg":"Input should be 'meeting', 'hearing', 'medical', 'interview', 'training', 'inspection' or 'other'","input":"patrol","ctx":{"expected":"'meeting', 'hearing', 'medical', 'interview', 'training', 'inspection' or 'other'"},"url":"https://errors.pydantic.dev/2.12/v/enum"}]}
E   assert 422 == 200
E    +  where 422 = &lt;Response [422]&gt;.status_code</failure></testcase></testsuite></testsuites>