<?xml version="1.0" encoding="utf-8"?><testsuites name="pytest tests"><testsuite name="pytest" errors="0" failures="0" skipped="0" tests="12" time="40.882" timestamp="2026-02-08T03:09:23.374175+00:00" hostname="agent-env-4473dedf-e22f-4d6d-af75-45532632c172"><testcase classname="backend.tests.test_bugfix_iteration13.TestAuth" name="test_login_success" time="6.705" /><testcase classname="backend.tests.test_bugfix_iteration13.TestLSPDCases" name="test_get_cases_list" time="4.020" /><testcase classname="backend.tests.test_bugfix_iteration13.TestLSPDCases" name="test_get_case_detail" time="2.670" /><testcase classname="backend.tests.test_bugfix_iteration13.TestLSPDFines" name="test_get_fines_list" time="4.009" /><testcase classname="backend.tests.test_bugfix_iteration13.TestLSPDFines" name="test_create_fine" time="2.081" /><testcase classname="backend.tests.test_bugfix_iteration13.TestLSPDWarrants" name="test_get_warrants_list" time="4.025" /><testcase classname="backend.tests.test_bugfix_iteration13.TestLSPDWarrants" name="test_create_warrant" time="1.899" /><testcase classname="backend.tests.test_bugfix_iteration13.TestChat" name="test_get_channels" time="5.685" /><testcase classname="backend.tests.test_bugfix_iteration13.TestChat" name="test_get_channel_messages" time="1.188" /><testcase classname="backend.tests.test_bugfix_iteration13.TestChat" name="test_send_message" time="2.998" /><testcase classname="backend.tests.test_bugfix_iteration13.TestChat" name="test_get_presence" time="0.962" /><testcase classname="backend.tests.test_bugfix_iteration13.TestLSPDStats" name="test_get_lspd_stats" time="4.569" /></testsuite></testsuites>