<?xml version="1.0" encoding="utf-8"?><testsuites name="pytest tests"><testsuite name="pytest" errors="0" failures="0" skipped="0" tests="21" time="64.519" timestamp="2026-02-08T01:02:51.784783+00:00" hostname="agent-env-b5bad760-b1b8-4604-bee8-1580dbbf80d6"><testcase classname="backend.tests.test_iteration11_features.TestHealthAndAuth" name="test_health_endpoint" time="4.053" /><testcase classname="backend.tests.test_iteration11_features.TestHealthAndAuth" name="test_admin_login" time="3.116" /><testcase classname="backend.tests.test_iteration11_features.TestAdminDeleteSystem" name="test_delete_permissions_endpoint" time="3.869" /><testcase classname="backend.tests.test_iteration11_features.TestAdminDeleteSystem" name="test_delete_permissions_unauthorized" time="0.043" /><testcase classname="backend.tests.test_iteration11_features.TestCacheSystem" name="test_cache_stats_endpoint" time="3.886" /><testcase classname="backend.tests.test_iteration11_features.TestCacheSystem" name="test_cache_stats_unauthorized" time="0.044" /><testcase classname="backend.tests.test_iteration11_features.TestPerformanceSystem" name="test_performance_endpoint" time="0.780" /><testcase classname="backend.tests.test_iteration11_features.TestLSPDModule" name="test_lspd_stats" time="4.592" /><testcase classname="backend.tests.test_iteration11_features.TestLSPDModule" name="test_lspd_cases_list" time="4.032" /><testcase classname="backend.tests.test_iteration11_features.TestLSPDModule" name="test_lspd_warrants_list" time="4.043" /><testcase classname="backend.tests.test_iteration11_features.TestLSPDModule" name="test_lspd_fines_list" time="4.024" /><testcase classname="backend.tests.test_iteration11_features.TestEMSModule" name="test_ems_stats" time="4.419" /><testcase classname="backend.tests.test_iteration11_features.TestEMSModule" name="test_ems_reports_list" time="4.025" /><testcase classname="backend.tests.test_iteration11_features.TestDispatchModule" name="test_dispatch_stats" time="4.571" /><testcase classname="backend.tests.test_iteration11_features.TestDispatchModule" name="test_dispatch_active_calls" time="4.051" /><testcase classname="backend.tests.test_iteration11_features.TestJusticeModule" name="test_justice_stats" time="4.413" /><testcase classname="backend.tests.test_iteration11_features.TestJusticeModule" name="test_justice_cases_list" time="4.035" /><testcase classname="backend.tests.test_iteration11_features.TestJusticeModule" name="test_justice_hearings_list" time="4.040" /><testcase classname="backend.tests.test_iteration11_features.TestCityHubPublic" name="test_city_events" time="0.802" /><testcase classname="backend.tests.test_iteration11_features.TestCityHubPublic" name="test_breaking_news" time="0.778" /><testcase classname="backend.tests.test_iteration11_features.TestCityHubPublic" name="test_city_ads" time="0.799" /></testsuite></testsuites>