<?xml version="1.0" encoding="utf-8"?><testsuites name="pytest tests"><testsuite name="pytest" errors="0" failures="0" skipped="0" tests="22" time="74.140" timestamp="2026-02-11T07:19:04.603136+00:00" hostname="agent-env-1ac8a357-b647-4d35-9134-6be5fdd10585"><testcase classname="backend.tests.test_iteration20_phase2.TestAuth" name="test_admin_login" time="10.447" /><testcase classname="backend.tests.test_iteration20_phase2.TestAppointmentsCRUD" name="test_get_appointments_week" time="4.058" /><testcase classname="backend.tests.test_iteration20_phase2.TestAppointmentsCRUD" name="test_create_appointment" time="1.893" /><testcase classname="backend.tests.test_iteration20_phase2.TestAppointmentsCRUD" name="test_get_appointment_by_id" time="2.880" /><testcase classname="backend.tests.test_iteration20_phase2.TestAppointmentsCRUD" name="test_update_appointment" time="4.007" /><testcase classname="backend.tests.test_iteration20_phase2.TestAppointmentsCRUD" name="test_cancel_appointment" time="3.834" /><testcase classname="backend.tests.test_iteration20_phase2.TestAppointmentsCRUD" name="test_confirm_appointment" time="3.070" /><testcase classname="backend.tests.test_iteration20_phase2.TestAppointmentsCRUD" name="test_calendar_month_view" time="0.988" /><testcase classname="backend.tests.test_iteration20_phase2.TestAuditLog" name="test_get_audit_log" time="4.030" /><testcase classname="backend.tests.test_iteration20_phase2.TestAuditLog" name="test_audit_log_contains_login_success" time="0.960" /><testcase classname="backend.tests.test_iteration20_phase2.TestAuditLog" name="test_audit_log_contains_appointment_create" time="2.864" /><testcase classname="backend.tests.test_iteration20_phase2.TestAuditLog" name="test_audit_log_entry_structure" time="0.964" /><testcase classname="backend.tests.test_iteration20_phase2.TestLSPDAuditIntegration" name="test_create_case_logs_audit" time="6.720" /><testcase classname="backend.tests.test_iteration20_phase2.TestLSPDAuditIntegration" name="test_create_warrant_logs_audit" time="3.634" /><testcase classname="backend.tests.test_iteration20_phase2.TestLSPDAuditIntegration" name="test_create_fine_logs_audit" time="3.807" /><testcase classname="backend.tests.test_iteration20_phase2.TestCityPulsePOI" name="test_get_poi_categories" time="3.078" /><testcase classname="backend.tests.test_iteration20_phase2.TestCityPulsePOI" name="test_get_poi_list" time="0.973" /><testcase classname="backend.tests.test_iteration20_phase2.TestCityPulsePOI" name="test_create_poi" time="1.724" /><testcase classname="backend.tests.test_iteration20_phase2.TestReminderSystem" name="test_test_reminder_endpoint" time="5.930" /><testcase classname="backend.tests.test_iteration20_phase2.TestHealthAndStats" name="test_health_endpoint" time="0.960" /><testcase classname="backend.tests.test_iteration20_phase2.TestHealthAndStats" name="test_admin_stats" time="5.662" /><testcase classname="backend.tests.test_iteration20_phase2.TestHealthAndStats" name="test_lspd_stats" time="1.549" /></testsuite></testsuites>