<?xml version="1.0" encoding="utf-8"?><testsuites name="pytest tests"><testsuite name="pytest" errors="0" failures="1" skipped="0" tests="14" time="52.479" timestamp="2026-02-07T09:44:33.876682+00:00" hostname="agent-env-4a94d962-948c-4551-a00f-dd5ea3e6b54d"><testcase classname="backend.tests.test_security_and_hard_delete.TestSecurityTokenValidation" name="test_auth_me_without_token_returns_401" time="3.233"><failure message="AssertionError: Expected 401, got 403: {&quot;detail&quot;:&quot;Not authenticated&quot;}&#10;assert 403 == 401&#10; +  where 403 = &lt;Response [403]&gt;.status_code">backend/tests/test_security_and_hard_delete.py:28: in test_auth_me_without_token_returns_401
    assert response.status_code == 401, f"Expected 401, got {response.status_code}: {response.text}"
E   AssertionError: Expected 401, got 403: {"detail":"Not authenticated"}
E   assert 403 == 401
E    +  where 403 = &lt;Response [403]&gt;.status_code</failure></testcase><testcase classname="backend.tests.test_security_and_hard_delete.TestSecurityTokenValidation" name="test_auth_me_with_invalid_token_returns_401" time="0.041" /><testcase classname="backend.tests.test_security_and_hard_delete.TestSecurityTokenValidation" name="test_auth_me_with_expired_token_returns_401" time="0.039" /><testcase classname="backend.tests.test_security_and_hard_delete.TestSecurityTokenValidation" name="test_login_success_returns_token_and_user" time="3.895" /><testcase classname="backend.tests.test_security_and_hard_delete.TestSecurityTokenValidation" name="test_auth_me_with_valid_token_returns_user" time="3.928" /><testcase classname="backend.tests.test_security_and_hard_delete.TestHardDeleteEndpoint" name="test_hard_delete_without_confirmation_returns_400" time="4.922" /><testcase classname="backend.tests.test_security_and_hard_delete.TestHardDeleteEndpoint" name="test_hard_delete_empty_confirmation_returns_400" time="4.895" /><testcase classname="backend.tests.test_security_and_hard_delete.TestHardDeleteEndpoint" name="test_cannot_delete_self" time="4.897" /><testcase classname="backend.tests.test_security_and_hard_delete.TestHardDeleteEndpoint" name="test_hard_delete_requires_admin_level_10" time="0.054" /><testcase classname="backend.tests.test_security_and_hard_delete.TestHardDeleteEndpoint" name="test_hard_delete_nonexistent_user_returns_404" time="4.103" /><testcase classname="backend.tests.test_security_and_hard_delete.TestHardDeleteWithTestUser" name="test_create_and_hard_delete_user" time="8.353" /><testcase classname="backend.tests.test_security_and_hard_delete.TestPresenceAfterLogin" name="test_presence_updates_to_online_after_login" time="5.059" /><testcase classname="backend.tests.test_security_and_hard_delete.TestPresenceAfterLogin" name="test_get_my_presence" time="4.112" /><testcase classname="backend.tests.test_security_and_hard_delete.TestLogoutEndpoint" name="test_logout_endpoint_exists" time="4.855" /></testsuite></testsuites>