<?xml version="1.0" encoding="utf-8"?><testsuites name="pytest tests"><testsuite name="pytest" errors="0" failures="1" skipped="0" tests="19" time="6.372" timestamp="2026-02-06T11:20:18.958479+00:00" hostname="agent-env-bce86a0d-21bf-424b-a491-e9f5474004f1"><testcase classname="tests.test_admin_system.TestHealthAndAuth" name="test_health_endpoint" time="0.096" /><testcase classname="tests.test_admin_system.TestHealthAndAuth" name="test_admin_login_success" time="0.303" /><testcase classname="tests.test_admin_system.TestHealthAndAuth" name="test_login_invalid_credentials" time="0.047" /><testcase classname="tests.test_admin_system.TestUserManagement" name="test_get_all_users" time="0.315" /><testcase classname="tests.test_admin_system.TestUserManagement" name="test_get_my_sector_users" time="0.317" /><testcase classname="tests.test_admin_system.TestUserManagement" name="test_get_sector_grades" time="0.314" /><testcase classname="tests.test_admin_system.TestUserManagement" name="test_create_user_success" time="0.532"><failure message="assert (520 == 200 or 520 == 201)&#10; +  where 520 = &lt;Response [520]&gt;.status_code&#10; +  and   520 = &lt;Response [520]&gt;.status_code">tests/test_admin_system.py:143: in test_create_user_success
    assert response.status_code == 200 or response.status_code == 201
E   assert (520 == 200 or 520 == 201)
E    +  where 520 = &lt;Response [520]&gt;.status_code
E    +  and   520 = &lt;Response [520]&gt;.status_code</failure></testcase><testcase classname="tests.test_admin_system.TestUserManagement" name="test_create_user_duplicate_email" time="0.309" /><testcase classname="tests.test_admin_system.TestUserManagement" name="test_get_user_by_id" time="0.310" /><testcase classname="tests.test_admin_system.TestUserPasswordAndHistory" name="test_reset_password" time="0.839" /><testcase classname="tests.test_admin_system.TestUserPasswordAndHistory" name="test_get_access_history" time="0.306" /><testcase classname="tests.test_admin_system.TestUserPasswordAndHistory" name="test_get_activity_log" time="0.309" /><testcase classname="tests.test_admin_system.TestAuditDashboard" name="test_get_my_sector_audit" time="0.316" /><testcase classname="tests.test_admin_system.TestAuditDashboard" name="test_get_audit_with_filters" time="0.325" /><testcase classname="tests.test_admin_system.TestAuditDashboard" name="test_get_audit_with_action_filter" time="0.314" /><testcase classname="tests.test_admin_system.TestAuditDashboard" name="test_get_audit_stats" time="0.340" /><testcase classname="tests.test_admin_system.TestAuditDashboard" name="test_get_recent_logins" time="0.346" /><testcase classname="tests.test_admin_system.TestAuditDashboard" name="test_get_user_audit" time="0.309" /><testcase classname="tests.test_admin_system.TestAuthProfile" name="test_get_profile" time="0.356" /></testsuite></testsuites>