<?xml version="1.0" encoding="utf-8"?><testsuites name="pytest tests"><testsuite name="pytest" errors="0" failures="0" skipped="0" tests="24" time="3.419" timestamp="2026-02-06T14:13:44.851300+00:00" hostname="agent-env-5766f5c9-14ca-46b8-9ed4-3730dfaf00a5"><testcase classname="backend.tests.test_phase4_features.TestNewsV2PublicAPIs" name="test_get_categories" time="0.759" /><testcase classname="backend.tests.test_phase4_features.TestNewsV2PublicAPIs" name="test_get_published_articles" time="0.047" /><testcase classname="backend.tests.test_phase4_features.TestNewsV2PublicAPIs" name="test_get_breaking_news" time="0.046" /><testcase classname="backend.tests.test_phase4_features.TestNewsV2PublicAPIs" name="test_filter_by_category" time="0.083" /><testcase classname="backend.tests.test_phase4_features.TestNewsV2NewsroomAPIs" name="test_reporter_create_article" time="0.376" /><testcase classname="backend.tests.test_phase4_features.TestNewsV2NewsroomAPIs" name="test_reporter_get_my_articles" time="0.045" /><testcase classname="backend.tests.test_phase4_features.TestNewsV2NewsroomAPIs" name="test_reporter_cannot_access_review_queue" time="0.040" /><testcase classname="backend.tests.test_phase4_features.TestNewsV2NewsroomAPIs" name="test_reporter_cannot_access_all_articles" time="0.039" /><testcase classname="backend.tests.test_phase4_features.TestNewsV2NewsroomAPIs" name="test_director_get_stats" time="0.327" /><testcase classname="backend.tests.test_phase4_features.TestNewsV2NewsroomAPIs" name="test_director_get_review_queue" time="0.040" /><testcase classname="backend.tests.test_phase4_features.TestNewsV2NewsroomAPIs" name="test_director_get_all_articles" time="0.042" /><testcase classname="backend.tests.test_phase4_features.TestNewsV2Workflow" name="test_full_workflow" time="0.430" /><testcase classname="backend.tests.test_phase4_features.TestServiceChatAPIs" name="test_get_channels" time="0.337" /><testcase classname="backend.tests.test_phase4_features.TestServiceChatAPIs" name="test_get_my_presence" time="0.082" /><testcase classname="backend.tests.test_phase4_features.TestServiceChatAPIs" name="test_update_presence" time="0.043" /><testcase classname="backend.tests.test_phase4_features.TestServiceChatAPIs" name="test_get_presence_list" time="0.040" /><testcase classname="backend.tests.test_phase4_features.TestServiceChatAPIs" name="test_send_message" time="0.063" /><testcase classname="backend.tests.test_phase4_features.TestServiceChatAPIs" name="test_get_channel_messages" time="0.040" /><testcase classname="backend.tests.test_phase4_features.TestServiceChatAPIs" name="test_invalid_presence_status" time="0.036" /><testcase classname="backend.tests.test_phase4_features.TestPushNotificationsAPIs" name="test_get_vapid_public_key" time="0.034" /><testcase classname="backend.tests.test_phase4_features.TestPushNotificationsAPIs" name="test_subscribe_push" time="0.054" /><testcase classname="backend.tests.test_phase4_features.TestPushNotificationsAPIs" name="test_get_subscriptions" time="0.039" /><testcase classname="backend.tests.test_phase4_features.TestPushNotificationsAPIs" name="test_unsubscribe_push" time="0.048" /><testcase classname="backend.tests.test_phase4_features.TestTopBarMenuLinks" name="test_news_links_in_menu" time="0.124" /></testsuite></testsuites>