<?xml version="1.0" encoding="utf-8"?><testsuites name="pytest tests"><testsuite name="pytest" errors="0" failures="0" skipped="0" tests="19" time="6.539" timestamp="2026-02-06T11:20:48.713293+00:00" hostname="agent-env-bce86a0d-21bf-424b-a491-e9f5474004f1"><testcase classname="tests.test_admin_system.TestHealthAndAuth" name="test_health_endpoint" time="0.063" /><testcase classname="tests.test_admin_system.TestHealthAndAuth" name="test_admin_login_success" time="0.313" /><testcase classname="tests.test_admin_system.TestHealthAndAuth" name="test_login_invalid_credentials" time="0.070" /><testcase classname="tests.test_admin_system.TestUserManagement" name="test_get_all_users" time="0.314" /><testcase classname="tests.test_admin_system.TestUserManagement" name="test_get_my_sector_users" time="0.316" /><testcase classname="tests.test_admin_system.TestUserManagement" name="test_get_sector_grades" time="0.344" /><testcase classname="tests.test_admin_system.TestUserManagement" name="test_create_user_success" time="0.576" /><testcase classname="tests.test_admin_system.TestUserManagement" name="test_create_user_duplicate_email" time="0.332" /><testcase classname="tests.test_admin_system.TestUserManagement" name="test_get_user_by_id" time="0.352" /><testcase classname="tests.test_admin_system.TestUserPasswordAndHistory" name="test_reset_password" time="0.868" /><testcase classname="tests.test_admin_system.TestUserPasswordAndHistory" name="test_get_access_history" time="0.314" /><testcase classname="tests.test_admin_system.TestUserPasswordAndHistory" name="test_get_activity_log" time="0.359" /><testcase classname="tests.test_admin_system.TestAuditDashboard" name="test_get_my_sector_audit" time="0.324" /><testcase classname="tests.test_admin_system.TestAuditDashboard" name="test_get_audit_with_filters" time="0.319" /><testcase classname="tests.test_admin_system.TestAuditDashboard" name="test_get_audit_with_action_filter" time="0.336" /><testcase classname="tests.test_admin_system.TestAuditDashboard" name="test_get_audit_stats" time="0.314" /><testcase classname="tests.test_admin_system.TestAuditDashboard" name="test_get_recent_logins" time="0.309" /><testcase classname="tests.test_admin_system.TestAuditDashboard" name="test_get_user_audit" time="0.315" /><testcase classname="tests.test_admin_system.TestAuthProfile" name="test_get_profile" time="0.314" /></testsuite></testsuites>