<?xml version="1.0" encoding="utf-8"?><testsuites name="pytest tests"><testsuite name="pytest" errors="1" failures="1" skipped="0" tests="13" time="61.005" timestamp="2026-02-11T09:55:51.275956+00:00" hostname="agent-env-1ac8a357-b647-4d35-9134-6be5fdd10585"><testcase classname="backend.tests.test_iteration21_rbac.TestRBACAuth" name="test_admin_login" time="13.263" /><testcase classname="backend.tests.test_iteration21_rbac.TestRBACStats" name="test_get_rbac_stats" time="4.939" /><testcase classname="backend.tests.test_iteration21_rbac.TestRBACJobs" name="test_list_jobs" time="8.637" /><testcase classname="backend.tests.test_iteration21_rbac.TestRBACJobs" name="test_get_lspd_grades" time="3.568" /><testcase classname="backend.tests.test_iteration21_rbac.TestRBACJobs" name="test_get_ems_grades" time="2.279" /><testcase classname="backend.tests.test_iteration21_rbac.TestRBACJobs" name="test_get_justice_grades" time="2.091" /><testcase classname="backend.tests.test_iteration21_rbac.TestRBACJobs" name="test_get_weazel_grades" time="2.107" /><testcase classname="backend.tests.test_iteration21_rbac.TestRBACStaffRoles" name="test_list_staff_roles" time="4.195" /><testcase classname="backend.tests.test_iteration21_rbac.TestRBACPermissions" name="test_list_permissions" time="4.179" /><testcase classname="backend.tests.test_iteration21_rbac.TestRBACAssignments" name="test_assign_job_to_user" time="5.125"><error message="failed on setup with &quot;requests.exceptions.JSONDecodeError: Expecting value: line 1 column 1 (char 0)&quot;">/root/.venv/lib/python3.11/site-packages/requests/models.py:976: in json
    return complexjson.loads(self.text, **kwargs)
           ^^^^^^^^^^^^^^^^^^^^^^^^^^^^^^^^^^^^^^
/usr/local/lib/python3.11/json/__init__.py:346: in loads
    return _default_decoder.decode(s)
           ^^^^^^^^^^^^^^^^^^^^^^^^^^
/usr/local/lib/python3.11/json/decoder.py:337: in decode
    obj, end = self.raw_decode(s, idx=_w(s, 0).end())
               ^^^^^^^^^^^^^^^^^^^^^^^^^^^^^^^^^^^^^^
/usr/local/lib/python3.11/json/decoder.py:355: in raw_decode
    raise JSONDecodeError("Expecting value", s, err.value) from None
E   json.decoder.JSONDecodeError: Expecting value: line 1 column 1 (char 0)

During handling of the above exception, another exception occurred:
backend/tests/test_iteration21_rbac.py:301: in test_user_id
    users = response.json()["users"]
            ^^^^^^^^^^^^^^^
/root/.venv/lib/python3.11/site-packages/requests/models.py:980: in json
    raise RequestsJSONDecodeError(e.msg, e.doc, e.pos)
E   requests.exceptions.JSONDecodeError: Expecting value: line 1 column 1 (char 0)</error></testcase><testcase classname="backend.tests.test_iteration21_rbac.TestRBACAudit" name="test_get_audit_log" time="4.200" /><testcase classname="backend.tests.test_iteration21_rbac.TestRBACAudit" name="test_audit_log_contains_job_change" time="1.152" /><testcase classname="backend.tests.test_iteration21_rbac.TestRBACUsers" name="test_list_users_rbac" time="5.140"><failure message="assert 520 == 200&#10; +  where 520 = &lt;Response [520]&gt;.status_code">backend/tests/test_iteration21_rbac.py:389: in test_list_users_rbac
    assert response.status_code == 200
E   assert 520 == 200
E    +  where 520 = &lt;Response [520]&gt;.status_code</failure></testcase></testsuite></testsuites>