<?xml version="1.0" encoding="utf-8"?><testsuites name="pytest tests"><testsuite name="pytest" errors="0" failures="0" skipped="0" tests="19" time="63.728" timestamp="2026-03-23T10:47:48.668399+00:00" hostname="agent-env-e5915d2a-8688-4db2-b93a-1751fa9360c7"><testcase classname="backend.tests.test_iteration31_jobs.TestJobBoardSystem" name="test_admin_get_job_stats" time="12.018" /><testcase classname="backend.tests.test_iteration31_jobs.TestJobBoardSystem" name="test_admin_get_all_jobs" time="2.000" /><testcase classname="backend.tests.test_iteration31_jobs.TestJobBoardSystem" name="test_admin_create_job" time="1.320" /><testcase classname="backend.tests.test_iteration31_jobs.TestJobBoardSystem" name="test_admin_update_job_status_pause" time="3.337" /><testcase classname="backend.tests.test_iteration31_jobs.TestJobBoardSystem" name="test_admin_update_job_status_reopen" time="3.408" /><testcase classname="backend.tests.test_iteration31_jobs.TestJobBoardSystem" name="test_admin_get_job_applications" time="1.403" /><testcase classname="backend.tests.test_iteration31_jobs.TestJobBoardSystem" name="test_admin_review_application" time="4.061" /><testcase classname="backend.tests.test_iteration31_jobs.TestJobBoardSystem" name="test_citizen_get_open_jobs" time="3.961" /><testcase classname="backend.tests.test_iteration31_jobs.TestJobBoardSystem" name="test_citizen_get_my_applications" time="1.369" /><testcase classname="backend.tests.test_iteration31_jobs.TestJobBoardSystem" name="test_citizen_cannot_apply_twice" time="1.480" /><testcase classname="backend.tests.test_iteration31_jobs.TestJobBoardSystem" name="test_citizen_apply_to_new_job" time="3.412" /><testcase classname="backend.tests.test_iteration31_jobs.TestJobBoardSystem" name="test_citizen_cannot_access_admin_stats" time="0.587" /><testcase classname="backend.tests.test_iteration31_jobs.TestJobBoardSystem" name="test_citizen_cannot_create_job" time="0.636" /><testcase classname="backend.tests.test_iteration31_jobs.TestJobBoardSystem" name="test_lspd_cannot_access_admin_jobs" time="2.741" /><testcase classname="backend.tests.test_iteration31_jobs.TestTicketAccessControl" name="test_admin_cannot_create_ticket" time="3.057" /><testcase classname="backend.tests.test_iteration31_jobs.TestTicketAccessControl" name="test_citizen_can_create_ticket" time="6.383" /><testcase classname="backend.tests.test_iteration31_jobs.TestTicketAccessControl" name="test_citizen_can_view_own_tickets" time="3.649" /><testcase classname="backend.tests.test_iteration31_jobs.TestTicketAccessControl" name="test_admin_can_view_all_tickets" time="3.371" /><testcase classname="backend.tests.test_iteration31_jobs.TestJobBoardCleanup" name="test_cleanup_test_jobs" time="5.428" /></testsuite></testsuites>