<?xml version="1.0" encoding="utf-8"?><testsuites name="pytest tests"><testsuite name="pytest" errors="0" failures="0" skipped="0" tests="23" time="63.833" timestamp="2026-03-23T01:39:59.731463+00:00" hostname="agent-env-bb1654b9-bd78-41a3-b3e3-4600864990c8"><testcase classname="backend.tests.test_iteration25_multilogin.TestMultiRoleLogin" name="test_admin_login" time="8.231" /><testcase classname="backend.tests.test_iteration25_multilogin.TestMultiRoleLogin" name="test_lspd_login" time="2.151" /><testcase classname="backend.tests.test_iteration25_multilogin.TestMultiRoleLogin" name="test_ems_login" time="2.156" /><testcase classname="backend.tests.test_iteration25_multilogin.TestMultiRoleLogin" name="test_civil_login" time="2.134" /><testcase classname="backend.tests.test_iteration25_multilogin.TestMultiRoleLogin" name="test_invalid_login" time="1.449" /><testcase classname="backend.tests.test_iteration25_multilogin.TestLSPDEndpoints" name="test_lspd_cases" time="2.843" /><testcase classname="backend.tests.test_iteration25_multilogin.TestLSPDEndpoints" name="test_lspd_warrants" time="2.873" /><testcase classname="backend.tests.test_iteration25_multilogin.TestLSPDEndpoints" name="test_lspd_fines" time="2.870" /><testcase classname="backend.tests.test_iteration25_multilogin.TestEMSEndpoints" name="test_ems_patients" time="2.891" /><testcase classname="backend.tests.test_iteration25_multilogin.TestEMSEndpoints" name="test_ems_reports" time="2.834" /><testcase classname="backend.tests.test_iteration25_multilogin.TestJusticeEndpoints" name="test_justice_cases" time="2.903" /><testcase classname="backend.tests.test_iteration25_multilogin.TestJusticeEndpoints" name="test_justice_hearings" time="2.925" /><testcase classname="backend.tests.test_iteration25_multilogin.TestDispatchEndpoints" name="test_dispatch_stats" time="3.246" /><testcase classname="backend.tests.test_iteration25_multilogin.TestDispatchEndpoints" name="test_dispatch_calls" time="2.878" /><testcase classname="backend.tests.test_iteration25_multilogin.TestChatEndpoints" name="test_chat_channels" time="3.942" /><testcase classname="backend.tests.test_iteration25_multilogin.TestMarketplaceEndpoints" name="test_marketplace_list" time="3.016" /><testcase classname="backend.tests.test_iteration25_multilogin.TestDocumentsEndpoints" name="test_documents_list" time="3.526" /><testcase classname="backend.tests.test_iteration25_multilogin.TestCityHubEndpoints" name="test_city_events" time="0.599" /><testcase classname="backend.tests.test_iteration25_multilogin.TestCityHubEndpoints" name="test_news_list" time="0.587" /><testcase classname="backend.tests.test_iteration25_multilogin.TestCityHubEndpoints" name="test_announcements_public" time="0.597" /><testcase classname="backend.tests.test_iteration25_multilogin.TestAdminEndpoints" name="test_admin_stats" time="3.960" /><testcase classname="backend.tests.test_iteration25_multilogin.TestAdminEndpoints" name="test_admin_users" time="2.293" /><testcase classname="backend.tests.test_iteration25_multilogin.TestTimelineEndpoints" name="test_timeline_list" time="2.854" /></testsuite></testsuites>