<?xml version="1.0" encoding="utf-8"?><testsuites name="pytest tests"><testsuite name="pytest" errors="0" failures="1" skipped="0" tests="15" time="49.509" timestamp="2026-02-08T15:18:24.365934+00:00" hostname="agent-env-368a9b18-4432-47d4-b99b-8e2fc943416d"><testcase classname="backend.tests.test_iteration17_bugfixes.TestChatChannels" name="test_get_channels" time="8.045" /><testcase classname="backend.tests.test_iteration17_bugfixes.TestChatChannels" name="test_get_channel_messages" time="3.840" /><testcase classname="backend.tests.test_iteration17_bugfixes.TestChatChannels" name="test_switch_channels" time="4.927" /><testcase classname="backend.tests.test_iteration17_bugfixes.TestEMSPatientDetail" name="test_get_patients_list" time="4.007" /><testcase classname="backend.tests.test_iteration17_bugfixes.TestEMSPatientDetail" name="test_get_patient_detail" time="2.304" /><testcase classname="backend.tests.test_iteration17_bugfixes.TestEMSReports" name="test_get_reports_list" time="4.040" /><testcase classname="backend.tests.test_iteration17_bugfixes.TestEMSReports" name="test_get_report_detail" time="0.981"><failure message="assert 404 == 200&#10; +  where 404 = &lt;Response [404]&gt;.status_code">backend/tests/test_iteration17_bugfixes.py:150: in test_get_report_detail
    assert response.status_code == 200
E   assert 404 == 200
E    +  where 404 = &lt;Response [404]&gt;.status_code</failure></testcase><testcase classname="backend.tests.test_iteration17_bugfixes.TestJusticeDashboard" name="test_get_justice_stats" time="4.394" /><testcase classname="backend.tests.test_iteration17_bugfixes.TestJusticeDashboard" name="test_get_hearings" time="0.981" /><testcase classname="backend.tests.test_iteration17_bugfixes.TestJusticeDashboard" name="test_get_cases" time="0.993" /><testcase classname="backend.tests.test_iteration17_bugfixes.TestTimelineClear" name="test_get_recent_timeline" time="3.992" /><testcase classname="backend.tests.test_iteration17_bugfixes.TestTimelineClear" name="test_timeline_clear_endpoint_exists" time="0.946" /><testcase classname="backend.tests.test_iteration17_bugfixes.TestCityPulseZones" name="test_get_zones_activity" time="4.212" /><testcase classname="backend.tests.test_iteration17_bugfixes.TestCityPulseZones" name="test_zones_activity_based_on_real_data" time="1.164" /><testcase classname="backend.tests.test_iteration17_bugfixes.TestDispatchStats" name="test_get_dispatch_stats" time="4.589" /></testsuite></testsuites>