<?xml version="1.0" encoding="utf-8"?><testsuites name="pytest tests"><testsuite name="pytest" errors="0" failures="0" skipped="0" tests="20" time="57.918" timestamp="2026-03-23T07:34:23.859467+00:00" hostname="agent-env-e5915d2a-8688-4db2-b93a-1751fa9360c7"><testcase classname="tests.test_iteration28_fivem_link.TestFiveMLink" name="test_link_fivem_with_valid_secret" time="12.243" /><testcase classname="tests.test_iteration28_fivem_link.TestFiveMLink" name="test_link_fivem_rejects_wrong_secret" time="2.246" /><testcase classname="tests.test_iteration28_fivem_link.TestFiveMLink" name="test_link_fivem_rejects_invalid_user" time="0.585" /><testcase classname="tests.test_iteration28_fivem_link.TestFiveMLink" name="test_link_fivem_token_with_valid_credentials" time="3.323" /><testcase classname="tests.test_iteration28_fivem_link.TestFiveMLink" name="test_link_fivem_token_rejects_wrong_secret" time="2.753" /><testcase classname="tests.test_iteration28_fivem_link.TestFiveMLink" name="test_link_fivem_token_requires_auth" time="0.099" /><testcase classname="tests.test_iteration28_fivem_link.TestFiveMLink" name="test_fivem_status_linked_user" time="3.923" /><testcase classname="tests.test_iteration28_fivem_link.TestFiveMLink" name="test_fivem_status_unlinked_user" time="2.892" /><testcase classname="tests.test_iteration28_fivem_link.TestFiveMLink" name="test_fivem_status_requires_auth" time="0.094" /><testcase classname="tests.test_iteration28_fivem_link.TestRegressionCitizenFeatures" name="test_citizen_login" time="2.115" /><testcase classname="tests.test_iteration28_fivem_link.TestRegressionCitizenFeatures" name="test_citizen_dashboard" time="3.357" /><testcase classname="tests.test_iteration28_fivem_link.TestRegressionCitizenFeatures" name="test_citizen_fines" time="2.812" /><testcase classname="tests.test_iteration28_fivem_link.TestRegressionCitizenFeatures" name="test_citizen_warrants" time="2.832" /><testcase classname="tests.test_iteration28_fivem_link.TestRegressionCitizenFeatures" name="test_citizen_tickets" time="5.071" /><testcase classname="tests.test_iteration28_fivem_link.TestRegressionAccessControl" name="test_lspd_login" time="2.193" /><testcase classname="tests.test_iteration28_fivem_link.TestRegressionAccessControl" name="test_lspd_cannot_access_ticket_staff_all" time="2.908" /><testcase classname="tests.test_iteration28_fivem_link.TestRegressionAccessControl" name="test_lspd_cannot_access_ticket_staff_stats" time="2.954" /><testcase classname="tests.test_iteration28_fivem_link.TestRegressionAccessControl" name="test_admin_can_access_ticket_staff" time="4.275" /><testcase classname="tests.test_iteration28_fivem_link.TestLbPhoneNotifications" name="test_lbphone_pending_with_secret" time="1.070" /><testcase classname="tests.test_iteration28_fivem_link.TestLbPhoneNotifications" name="test_lbphone_rejects_wrong_secret" time="0.096" /></testsuite></testsuites>