<?xml version="1.0" encoding="utf-8"?><testsuites name="pytest tests"><testsuite name="pytest" errors="0" failures="0" skipped="0" tests="14" time="50.799" timestamp="2026-02-07T09:50:48.663746+00:00" hostname="agent-env-4a94d962-948c-4551-a00f-dd5ea3e6b54d"><testcase classname="backend.tests.test_security_and_hard_delete.TestSecurityTokenValidation" name="test_auth_me_without_token_returns_401_or_403" time="0.065" /><testcase classname="backend.tests.test_security_and_hard_delete.TestSecurityTokenValidation" name="test_auth_me_with_invalid_token_returns_401" time="0.042" /><testcase classname="backend.tests.test_security_and_hard_delete.TestSecurityTokenValidation" name="test_auth_me_with_expired_token_returns_401" time="0.039" /><testcase classname="backend.tests.test_security_and_hard_delete.TestSecurityTokenValidation" name="test_login_success_returns_token_and_user" time="5.358" /><testcase classname="backend.tests.test_security_and_hard_delete.TestSecurityTokenValidation" name="test_auth_me_with_valid_token_returns_user" time="4.602" /><testcase classname="backend.tests.test_security_and_hard_delete.TestHardDeleteEndpoint" name="test_hard_delete_without_confirmation_returns_400" time="4.848" /><testcase classname="backend.tests.test_security_and_hard_delete.TestHardDeleteEndpoint" name="test_hard_delete_empty_confirmation_returns_400" time="4.853" /><testcase classname="backend.tests.test_security_and_hard_delete.TestHardDeleteEndpoint" name="test_cannot_delete_self" time="4.842" /><testcase classname="backend.tests.test_security_and_hard_delete.TestHardDeleteEndpoint" name="test_hard_delete_requires_admin_level_10" time="0.058" /><testcase classname="backend.tests.test_security_and_hard_delete.TestHardDeleteEndpoint" name="test_hard_delete_nonexistent_user_returns_404" time="4.040" /><testcase classname="backend.tests.test_security_and_hard_delete.TestHardDeleteWithTestUser" name="test_create_and_hard_delete_user" time="8.260" /><testcase classname="backend.tests.test_security_and_hard_delete.TestPresenceAfterLogin" name="test_presence_updates_to_online_after_login" time="4.966" /><testcase classname="backend.tests.test_security_and_hard_delete.TestPresenceAfterLogin" name="test_get_my_presence" time="4.016" /><testcase classname="backend.tests.test_security_and_hard_delete.TestLogoutEndpoint" name="test_logout_endpoint_exists" time="4.754" /></testsuite></testsuites>