<?xml version="1.0" encoding="utf-8"?><testsuites name="pytest tests"><testsuite name="pytest" errors="0" failures="0" skipped="0" tests="15" time="51.864" timestamp="2026-02-08T15:19:58.376231+00:00" hostname="agent-env-368a9b18-4432-47d4-b99b-8e2fc943416d"><testcase classname="backend.tests.test_iteration17_bugfixes.TestChatChannels" name="test_get_channels" time="10.904" /><testcase classname="backend.tests.test_iteration17_bugfixes.TestChatChannels" name="test_get_channel_messages" time="3.734" /><testcase classname="backend.tests.test_iteration17_bugfixes.TestChatChannels" name="test_switch_channels" time="4.889" /><testcase classname="backend.tests.test_iteration17_bugfixes.TestEMSPatientDetail" name="test_get_patients_list" time="3.989" /><testcase classname="backend.tests.test_iteration17_bugfixes.TestEMSPatientDetail" name="test_get_patient_detail" time="2.275" /><testcase classname="backend.tests.test_iteration17_bugfixes.TestEMSReports" name="test_get_reports_list" time="3.980" /><testcase classname="backend.tests.test_iteration17_bugfixes.TestEMSReports" name="test_report_list_contains_full_data" time="0.973" /><testcase classname="backend.tests.test_iteration17_bugfixes.TestJusticeDashboard" name="test_get_justice_stats" time="4.351" /><testcase classname="backend.tests.test_iteration17_bugfixes.TestJusticeDashboard" name="test_get_hearings" time="0.951" /><testcase classname="backend.tests.test_iteration17_bugfixes.TestJusticeDashboard" name="test_get_cases" time="1.001" /><testcase classname="backend.tests.test_iteration17_bugfixes.TestTimelineClear" name="test_get_recent_timeline" time="3.974" /><testcase classname="backend.tests.test_iteration17_bugfixes.TestTimelineClear" name="test_timeline_clear_endpoint_exists" time="0.944" /><testcase classname="backend.tests.test_iteration17_bugfixes.TestCityPulseZones" name="test_get_zones_activity" time="4.148" /><testcase classname="backend.tests.test_iteration17_bugfixes.TestCityPulseZones" name="test_zones_activity_based_on_real_data" time="1.161" /><testcase classname="backend.tests.test_iteration17_bugfixes.TestDispatchStats" name="test_get_dispatch_stats" time="4.521" /></testsuite></testsuites>